<?xml version="1.0" encoding="UTF-8"?>
<testsuite name="br.com.workshop.contacorrente.ContaCorrenteApplicationTests" time="0.046" tests="1" errors="1" skipped="0" failures="0">
  <properties>
[...]
</properties>
  <testcase name="contextLoads" classname="br.com.workshop.contacorrente.ContaCorrenteApplicationTests" time="0.046">
    <error message="Failed to load ApplicationContext" type="java.lang.IllegalStateException">java.lang.IllegalStateException: Failed to load ApplicationContext
	at org.springframework.test.context.cache.DefaultCacheAwareContextLoaderDelegate.loadContext(DefaultCacheAwareContextLoaderDelegate.java:124)
	at org.springframework.test.context.support.DefaultTestContext.getApplicationContext(DefaultTestContext.java:83)
	at org.springframework.test.context.web.ServletTestExecutionListener.setUpRequestContextIfNecessary(ServletTestExecutionListener.java:189)
	at org.springframework.test.context.web.ServletTestExecutionListener.prepareTestInstance(ServletTestExecutionListener.java:131)
	at org.springframework.test.context.TestContextManager.prepareTestInstance(TestContextManager.java:230)
	at org.springframework.test.context.junit4.SpringJUnit4ClassRunner.createTest(SpringJUnit4ClassRunner.java:228)
	at org.springframework.test.context.junit4.SpringJUnit4ClassRunner$1.runReflectiveCall(SpringJUnit4ClassRunner.java:287)
	at org.junit.internal.runners.model.ReflectiveCallable.run(ReflectiveCallable.java:12)
	at org.springframework.test.context.junit4.SpringJUnit4ClassRunner.methodBlock(SpringJUnit4ClassRunner.java:289)
	at org.springframework.test.context.junit4.SpringJUnit4ClassRunner.runChild(SpringJUnit4ClassRunner.java:247)
	at org.springframework.test.context.junit4.SpringJUnit4ClassRunner.runChild(SpringJUnit4ClassRunner.java:94)
	at org.junit.runners.ParentRunner$3.run(ParentRunner.java:290)
	at org.junit.runners.ParentRunner$1.schedule(ParentRunner.java:71)
	at org.junit.runners.ParentRunner.runChildren(ParentRunner.java:288)
	at org.junit.runners.ParentRunner.access$000(ParentRunner.java:58)
	at org.junit.runners.ParentRunner$2.evaluate(ParentRunner.java:268)
	at org.springframework.test.context.junit4.statements.RunBeforeTestClassCallbacks.evaluate(RunBeforeTestClassCallbacks.java:61)
	at org.springframework.test.context.junit4.statements.RunAfterTestClassCallbacks.evaluate(RunAfterTestClassCallbacks.java:70)
	at org.junit.runners.ParentRunner.run(ParentRunner.java:363)
	at org.springframework.test.context.junit4.SpringJUnit4ClassRunner.run(SpringJUnit4ClassRunner.java:191)
	at org.apache.maven.surefire.junit4.JUnit4Provider.execute(JUnit4Provider.java:283)
	at org.apache.maven.surefire.junit4.JUnit4Provider.executeWithRerun(JUnit4Provider.java:173)
	at org.apache.maven.surefire.junit4.JUnit4Provider.executeTestSet(JUnit4Provider.java:153)
	at org.apache.maven.surefire.junit4.JUnit4Provider.invoke(JUnit4Provider.java:128)
	at org.apache.maven.surefire.booter.ForkedBooter.invokeProviderInSameClassLoader(ForkedBooter.java:203)
	at org.apache.maven.surefire.booter.ForkedBooter.runSuitesInProcess(ForkedBooter.java:155)
	at org.apache.maven.surefire.booter.ForkedBooter.main(ForkedBooter.java:103)
Caused by: org.springframework.beans.factory.UnsatisfiedDependencyException: Error creating bean with name 'org.springframework.boot.autoconfigure.security.SpringBootWebSecurityConfiguration$ApplicationWebSecurityConfigurerAdapter': Unsatisfied dependency expressed through constructor parameter 0; nested exception is org.springframework.beans.factory.BeanCreationException: Error creating bean with name 'securityProperties': Could not bind properties to SecurityProperties (prefix=security, ignoreInvalidFields=false, ignoreUnknownFields=true, ignoreNestedProperties=false); nested exception is org.springframework.validation.BindException: org.springframework.boot.bind.RelaxedDataBinder$RelaxedBeanPropertyBindingResult: 1 errors
Field error in object 'security' on field 'basic': rejected value [enabled:true]; codes [typeMismatch.security.basic,typeMismatch.basic,typeMismatch.org.springframework.boot.autoconfigure.security.SecurityProperties$Basic,typeMismatch]; arguments [org.springframework.context.support.DefaultMessageSourceResolvable: codes [security.basic,basic]; arguments []; default message [basic]]; default message [Failed to convert property value of type 'java.lang.String' to required type 'org.springframework.boot.autoconfigure.security.SecurityProperties$Basic' for property 'basic'; nested exception is java.lang.IllegalStateException: Cannot convert value of type 'java.lang.String' to required type 'org.springframework.boot.autoconfigure.security.SecurityProperties$Basic' for property 'basic': no matching editors or conversion strategy found]
	at org.springframework.beans.factory.support.ConstructorResolver.createArgumentArray(ConstructorResolver.java:749)
	at org.springframework.beans.factory.support.ConstructorResolver.autowireConstructor(ConstructorResolver.java:189)
	at org.springframework.beans.factory.support.AbstractAutowireCapableBeanFactory.autowireConstructor(AbstractAutowireCapableBeanFactory.java:1198)
	at org.springframework.beans.factory.support.AbstractAutowireCapableBeanFactory.createBeanInstance(AbstractAutowireCapableBeanFactory.java:1100)
	at org.springframework.beans.factory.support.AbstractAutowireCapableBeanFactory.doCreateBean(AbstractAutowireCapableBeanFactory.java:511)
	at org.springframework.beans.factory.support.AbstractAutowireCapableBeanFactory.createBean(AbstractAutowireCapableBeanFactory.java:481)
	at org.springframework.beans.factory.support.AbstractBeanFactory$1.getObject(AbstractBeanFactory.java:312)
	at org.springframework.beans.factory.support.DefaultSingletonBeanRegistry.getSingleton(DefaultSingletonBeanRegistry.java:230)
	at org.springframework.beans.factory.support.AbstractBeanFactory.doGetBean(AbstractBeanFactory.java:308)
	at org.springframework.beans.factory.support.AbstractBeanFactory.getBean(AbstractBeanFactory.java:197)
	at org.springframework.beans.factory.support.DefaultListableBeanFactory.preInstantiateSingletons(DefaultListableBeanFactory.java:761)
	at org.springframework.context.support.AbstractApplicationContext.finishBeanFactoryInitialization(AbstractApplicationContext.java:867)
	at org.springframework.context.support.AbstractApplicationContext.refresh(AbstractApplicationContext.java:543)
	at org.springframework.boot.SpringApplication.refresh(SpringApplication.java:693)
	at org.springframework.boot.SpringApplication.refreshContext(SpringApplication.java:360)
	at org.springframework.boot.SpringApplication.run(SpringApplication.java:303)
	at org.springframework.boot.test.context.SpringBootContextLoader.loadContext(SpringBootContextLoader.java:121)
	at org.springframework.test.context.cache.DefaultCacheAwareContextLoaderDelegate.loadContextInternal(DefaultCacheAwareContextLoaderDelegate.java:98)
	at org.springframework.test.context.cache.DefaultCacheAwareContextLoaderDelegate.loadContext(DefaultCacheAwareContextLoaderDelegate.java:116)
	at org.springframework.test.context.support.DefaultTestContext.getApplicationContext(DefaultTestContext.java:83)
	at org.springframework.test.context.web.ServletTestExecutionListener.setUpRequestContextIfNecessary(ServletTestExecutionListener.java:189)
	at org.springframework.test.context.web.ServletTestExecutionListener.prepareTestInstance(ServletTestExecutionListener.java:131)
	at org.springframework.test.context.TestContextManager.prepareTestInstance(TestContextManager.java:230)
	at org.springframework.test.context.junit4.SpringJUnit4ClassRunner.createTest(SpringJUnit4ClassRunner.java:228)
	at org.springframework.test.context.junit4.SpringJUnit4ClassRunner$1.runReflectiveCall(SpringJUnit4ClassRunner.java:287)
	at org.junit.internal.runners.model.ReflectiveCallable.run(ReflectiveCallable.java:12)
	at org.springframework.test.context.junit4.SpringJUnit4ClassRunner.methodBlock(SpringJUnit4ClassRunner.java:289)
	at org.springframework.test.context.junit4.SpringJUnit4ClassRunner.runChild(SpringJUnit4ClassRunner.java:247)
	at org.springframework.test.context.junit4.SpringJUnit4ClassRunner.runChild(SpringJUnit4ClassRunner.java:94)
	at org.junit.runners.ParentRunner$3.run(ParentRunner.java:290)
	at org.junit.runners.ParentRunner$1.schedule(ParentRunner.java:71)
	at org.junit.runners.ParentRunner.runChildren(ParentRunner.java:288)
	at org.junit.runners.ParentRunner.access$000(ParentRunner.java:58)
	at org.junit.runners.ParentRunner$2.evaluate(ParentRunner.java:268)
	at org.springframework.test.context.junit4.statements.RunBeforeTestClassCallbacks.evaluate(RunBeforeTestClassCallbacks.java:61)
	at org.springframework.test.context.junit4.statements.RunAfterTestClassCallbacks.evaluate(RunAfterTestClassCallbacks.java:70)
	at org.junit.runners.ParentRunner.run(ParentRunner.java:363)
	at org.springframework.test.context.junit4.SpringJUnit4ClassRunner.run(SpringJUnit4ClassRunner.java:191)
	at org.apache.maven.surefire.junit4.JUnit4Provider.execute(JUnit4Provider.java:283)
	at org.apache.maven.surefire.junit4.JUnit4Provider.executeWithRerun(JUnit4Provider.java:173)
	at org.apache.maven.surefire.junit4.JUnit4Provider.executeTestSet(JUnit4Provider.java:153)
	at org.apache.maven.surefire.junit4.JUnit4Provider.invoke(JUnit4Provider.java:128)
	at org.apache.maven.surefire.booter.ForkedBooter.invokeProviderInSameClassLoader(ForkedBooter.java:203)
	at org.apache.maven.surefire.booter.ForkedBooter.runSuitesInProcess(ForkedBooter.java:155)
	at org.apache.maven.surefire.booter.ForkedBooter.main(ForkedBooter.java:103)
Caused by: org.springframework.beans.factory.BeanCreationException: Error creating bean with name 'securityProperties': Could not bind properties to SecurityProperties (prefix=security, ignoreInvalidFields=false, ignoreUnknownFields=true, ignoreNestedProperties=false); nested exception is org.springframework.validation.BindException: org.springframework.boot.bind.RelaxedDataBinder$RelaxedBeanPropertyBindingResult: 1 errors
Field error in object 'security' on field 'basic': rejected value [enabled:true]; codes [typeMismatch.security.basic,typeMismatch.basic,typeMismatch.org.springframework.boot.autoconfigure.security.SecurityProperties$Basic,typeMismatch]; arguments [org.springframework.context.support.DefaultMessageSourceResolvable: codes [security.basic,basic]; arguments []; default message [basic]]; default message [Failed to convert property value of type 'java.lang.String' to required type 'org.springframework.boot.autoconfigure.security.SecurityProperties$Basic' for property 'basic'; nested exception is java.lang.IllegalStateException: Cannot convert value of type 'java.lang.String' to required type 'org.springframework.boot.autoconfigure.security.SecurityProperties$Basic' for property 'basic': no matching editors or conversion strategy found]
	at org.springframework.boot.context.properties.ConfigurationPropertiesBindingPostProcessor.postProcessBeforeInitialization(ConfigurationPropertiesBindingPostProcessor.java:336)
	at org.springframework.boot.context.properties.ConfigurationPropertiesBindingPostProcessor.postProcessBeforeInitialization(ConfigurationPropertiesBindingPostProcessor.java:292)
	at org.springframework.beans.factory.support.AbstractAutowireCapableBeanFactory.applyBeanPostProcessorsBeforeInitialization(AbstractAutowireCapableBeanFactory.java:407)
	at org.springframework.beans.factory.support.AbstractAutowireCapableBeanFactory.initializeBean(AbstractAutowireCapableBeanFactory.java:1623)
	at org.springframework.beans.factory.support.AbstractAutowireCapableBeanFactory.doCreateBean(AbstractAutowireCapableBeanFactory.java:553)
	at org.springframework.beans.factory.support.AbstractAutowireCapableBeanFactory.createBean(AbstractAutowireCapableBeanFactory.java:481)
	at org.springframework.beans.factory.support.AbstractBeanFactory$1.getObject(AbstractBeanFactory.java:312)
	at org.springframework.beans.factory.support.DefaultSingletonBeanRegistry.getSingleton(DefaultSingletonBeanRegistry.java:230)
	at org.springframework.beans.factory.support.AbstractBeanFactory.doGetBean(AbstractBeanFactory.java:308)
	at org.springframework.beans.factory.support.AbstractBeanFactory.getBean(AbstractBeanFactory.java:202)
	at org.springframework.beans.factory.config.DependencyDescriptor.resolveCandidate(DependencyDescriptor.java:208)
	at org.springframework.beans.factory.support.DefaultListableBeanFactory.doResolveDependency(DefaultListableBeanFactory.java:1136)
	at org.springframework.beans.factory.support.DefaultListableBeanFactory.resolveDependency(DefaultListableBeanFactory.java:1064)
	at org.springframework.beans.factory.support.ConstructorResolver.resolveAutowiredArgument(ConstructorResolver.java:835)
	at org.springframework.beans.factory.support.ConstructorResolver.createArgumentArray(ConstructorResolver.java:741)
	at org.springframework.beans.factory.support.ConstructorResolver.autowireConstructor(ConstructorResolver.java:189)
	at org.springframework.beans.factory.support.AbstractAutowireCapableBeanFactory.autowireConstructor(AbstractAutowireCapableBeanFactory.java:1198)
	at org.springframework.beans.factory.support.AbstractAutowireCapableBeanFactory.createBeanInstance(AbstractAutowireCapableBeanFactory.java:1100)
	at org.springframework.beans.factory.support.AbstractAutowireCapableBeanFactory.doCreateBean(AbstractAutowireCapableBeanFactory.java:511)
	at org.springframework.beans.factory.support.AbstractAutowireCapableBeanFactory.createBean(AbstractAutowireCapableBeanFactory.java:481)
	at org.springframework.beans.factory.support.AbstractBeanFactory$1.getObject(AbstractBeanFactory.java:312)
	at org.springframework.beans.factory.support.DefaultSingletonBeanRegistry.getSingleton(DefaultSingletonBeanRegistry.java:230)
	at org.springframework.beans.factory.support.AbstractBeanFactory.doGetBean(AbstractBeanFactory.java:308)
	at org.springframework.beans.factory.support.AbstractBeanFactory.getBean(AbstractBeanFactory.java:197)
	at org.springframework.beans.factory.support.DefaultListableBeanFactory.preInstantiateSingletons(DefaultListableBeanFactory.java:761)
	at org.springframework.context.support.AbstractApplicationContext.finishBeanFactoryInitialization(AbstractApplicationContext.java:867)
	at org.springframework.context.support.AbstractApplicationContext.refresh(AbstractApplicationContext.java:543)
	at org.springframework.boot.SpringApplication.refresh(SpringApplication.java:693)
	at org.springframework.boot.SpringApplication.refreshContext(SpringApplication.java:360)
	at org.springframework.boot.SpringApplication.run(SpringApplication.java:303)
	at org.springframework.boot.test.context.SpringBootContextLoader.loadContext(SpringBootContextLoader.java:121)
	at org.springframework.test.context.cache.DefaultCacheAwareContextLoaderDelegate.loadContextInternal(DefaultCacheAwareContextLoaderDelegate.java:98)
	at org.springframework.test.context.cache.DefaultCacheAwareContextLoaderDelegate.loadContext(DefaultCacheAwareContextLoaderDelegate.java:116)
	at org.springframework.test.context.support.DefaultTestContext.getApplicationContext(DefaultTestContext.java:83)
	at org.springframework.test.context.web.ServletTestExecutionListener.setUpRequestContextIfNecessary(ServletTestExecutionListener.java:189)
	at org.springframework.test.context.web.ServletTestExecutionListener.prepareTestInstance(ServletTestExecutionListener.java:131)
	at org.springframework.test.context.TestContextManager.prepareTestInstance(TestContextManager.java:230)
	at org.springframework.test.context.junit4.SpringJUnit4ClassRunner.createTest(SpringJUnit4ClassRunner.java:228)
	at org.springframework.test.context.junit4.SpringJUnit4ClassRunner$1.runReflectiveCall(SpringJUnit4ClassRunner.java:287)
	at org.junit.internal.runners.model.ReflectiveCallable.run(ReflectiveCallable.java:12)
	at org.springframework.test.context.junit4.SpringJUnit4ClassRunner.methodBlock(SpringJUnit4ClassRunner.java:289)
	at org.springframework.test.context.junit4.SpringJUnit4ClassRunner.runChild(SpringJUnit4ClassRunner.java:247)
	at org.springframework.test.context.junit4.SpringJUnit4ClassRunner.runChild(SpringJUnit4ClassRunner.java:94)
	at org.junit.runners.ParentRunner$3.run(ParentRunner.java:290)
	at org.junit.runners.ParentRunner$1.schedule(ParentRunner.java:71)
	at org.junit.runners.ParentRunner.runChildren(ParentRunner.java:288)
	at org.junit.runners.ParentRunner.access$000(ParentRunner.java:58)
	at org.junit.runners.ParentRunner$2.evaluate(ParentRunner.java:268)
	at org.springframework.test.context.junit4.statements.RunBeforeTestClassCallbacks.evaluate(RunBeforeTestClassCallbacks.java:61)
	at org.springframework.test.context.junit4.statements.RunAfterTestClassCallbacks.evaluate(RunAfterTestClassCallbacks.java:70)
	at org.junit.runners.ParentRunner.run(ParentRunner.java:363)
	at org.springframework.test.context.junit4.SpringJUnit4ClassRunner.run(SpringJUnit4ClassRunner.java:191)
	at org.apache.maven.surefire.junit4.JUnit4Provider.execute(JUnit4Provider.java:283)
	at org.apache.maven.surefire.junit4.JUnit4Provider.executeWithRerun(JUnit4Provider.java:173)
	at org.apache.maven.surefire.junit4.JUnit4Provider.executeTestSet(JUnit4Provider.java:153)
	at org.apache.maven.surefire.junit4.JUnit4Provider.invoke(JUnit4Provider.java:128)
	at org.apache.maven.surefire.booter.ForkedBooter.invokeProviderInSameClassLoader(ForkedBooter.java:203)
	at org.apache.maven.surefire.booter.ForkedBooter.runSuitesInProcess(ForkedBooter.java:155)
	at org.apache.maven.surefire.booter.ForkedBooter.main(ForkedBooter.java:103)
Caused by: org.springframework.validation.BindException: org.springframework.boot.bind.RelaxedDataBinder$RelaxedBeanPropertyBindingResult: 1 errors
Field error in object 'security' on field 'basic': rejected value [enabled:true]; codes [typeMismatch.security.basic,typeMismatch.basic,typeMismatch.org.springframework.boot.autoconfigure.security.SecurityProperties$Basic,typeMismatch]; arguments [org.springframework.context.support.DefaultMessageSourceResolvable: codes [security.basic,basic]; arguments []; default message [basic]]; default message [Failed to convert property value of type 'java.lang.String' to required type 'org.springframework.boot.autoconfigure.security.SecurityProperties$Basic' for property 'basic'; nested exception is java.lang.IllegalStateException: Cannot convert value of type 'java.lang.String' to required type 'org.springframework.boot.autoconfigure.security.SecurityProperties$Basic' for property 'basic': no matching editors or conversion strategy found]
	at org.springframework.boot.bind.PropertiesConfigurationFactory.checkForBindingErrors(PropertiesConfigurationFactory.java:374)
	at org.springframework.boot.bind.PropertiesConfigurationFactory.doBindPropertiesToTarget(PropertiesConfigurationFactory.java:291)
	at org.springframework.boot.bind.PropertiesConfigurationFactory.bindPropertiesToTarget(PropertiesConfigurationFactory.java:250)
	at org.springframework.boot.context.properties.ConfigurationPropertiesBindingPostProcessor.postProcessBeforeInitialization(ConfigurationPropertiesBindingPostProcessor.java:331)
	at org.springframework.boot.context.properties.ConfigurationPropertiesBindingPostProcessor.postProcessBeforeInitialization(ConfigurationPropertiesBindingPostProcessor.java:292)
	at org.springframework.beans.factory.support.AbstractAutowireCapableBeanFactory.applyBeanPostProcessorsBeforeInitialization(AbstractAutowireCapableBeanFactory.java:407)
	at org.springframework.beans.factory.support.AbstractAutowireCapableBeanFactory.initializeBean(AbstractAutowireCapableBeanFactory.java:1623)
	at org.springframework.beans.factory.support.AbstractAutowireCapableBeanFactory.doCreateBean(AbstractAutowireCapableBeanFactory.java:553)
	at org.springframework.beans.factory.support.AbstractAutowireCapableBeanFactory.createBean(AbstractAutowireCapableBeanFactory.java:481)
	at org.springframework.beans.factory.support.AbstractBeanFactory$1.getObject(AbstractBeanFactory.java:312)
	at org.springframework.beans.factory.support.DefaultSingletonBeanRegistry.getSingleton(DefaultSingletonBeanRegistry.java:230)
	at org.springframework.beans.factory.support.AbstractBeanFactory.doGetBean(AbstractBeanFactory.java:308)
	at org.springframework.beans.factory.support.AbstractBeanFactory.getBean(AbstractBeanFactory.java:202)
	at org.springframework.beans.factory.config.DependencyDescriptor.resolveCandidate(DependencyDescriptor.java:208)
	at org.springframework.beans.factory.support.DefaultListableBeanFactory.doResolveDependency(DefaultListableBeanFactory.java:1136)
	at org.springframework.beans.factory.support.DefaultListableBeanFactory.resolveDependency(DefaultListableBeanFactory.java:1064)
	at org.springframework.beans.factory.support.ConstructorResolver.resolveAutowiredArgument(ConstructorResolver.java:835)
	at org.springframework.beans.factory.support.ConstructorResolver.createArgumentArray(ConstructorResolver.java:741)
	at org.springframework.beans.factory.support.ConstructorResolver.autowireConstructor(ConstructorResolver.java:189)
	at org.springframework.beans.factory.support.AbstractAutowireCapableBeanFactory.autowireConstructor(AbstractAutowireCapableBeanFactory.java:1198)
	at org.springframework.beans.factory.support.AbstractAutowireCapableBeanFactory.createBeanInstance(AbstractAutowireCapableBeanFactory.java:1100)
	at org.springframework.beans.factory.support.AbstractAutowireCapableBeanFactory.doCreateBean(AbstractAutowireCapableBeanFactory.java:511)
	at org.springframework.beans.factory.support.AbstractAutowireCapableBeanFactory.createBean(AbstractAutowireCapableBeanFactory.java:481)
	at org.springframework.beans.factory.support.AbstractBeanFactory$1.getObject(AbstractBeanFactory.java:312)
	at org.springframework.beans.factory.support.DefaultSingletonBeanRegistry.getSingleton(DefaultSingletonBeanRegistry.java:230)
	at org.springframework.beans.factory.support.AbstractBeanFactory.doGetBean(AbstractBeanFactory.java:308)
	at org.springframework.beans.factory.support.AbstractBeanFactory.getBean(AbstractBeanFactory.java:197)
	at org.springframework.beans.factory.support.DefaultListableBeanFactory.preInstantiateSingletons(DefaultListableBeanFactory.java:761)
	at org.springframework.context.support.AbstractApplicationContext.finishBeanFactoryInitialization(AbstractApplicationContext.java:867)
	at org.springframework.context.support.AbstractApplicationContext.refresh(AbstractApplicationContext.java:543)
	at org.springframework.boot.SpringApplication.refresh(SpringApplication.java:693)
	at org.springframework.boot.SpringApplication.refreshContext(SpringApplication.java:360)
	at org.springframework.boot.SpringApplication.run(SpringApplication.java:303)
	at org.springframework.boot.test.context.SpringBootContextLoader.loadContext(SpringBootContextLoader.java:121)
	at org.springframework.test.context.cache.DefaultCacheAwareContextLoaderDelegate.loadContextInternal(DefaultCacheAwareContextLoaderDelegate.java:98)
	at org.springframework.test.context.cache.DefaultCacheAwareContextLoaderDelegate.loadContext(DefaultCacheAwareContextLoaderDelegate.java:116)
	at org.springframework.test.context.support.DefaultTestContext.getApplicationContext(DefaultTestContext.java:83)
	at org.springframework.test.context.web.ServletTestExecutionListener.setUpRequestContextIfNecessary(ServletTestExecutionListener.java:189)
	at org.springframework.test.context.web.ServletTestExecutionListener.prepareTestInstance(ServletTestExecutionListener.java:131)
	at org.springframework.test.context.TestContextManager.prepareTestInstance(TestContextManager.java:230)
	at org.springframework.test.context.junit4.SpringJUnit4ClassRunner.createTest(SpringJUnit4ClassRunner.java:228)
	at org.springframework.test.context.junit4.SpringJUnit4ClassRunner$1.runReflectiveCall(SpringJUnit4ClassRunner.java:287)
	at org.junit.internal.runners.model.ReflectiveCallable.run(ReflectiveCallable.java:12)
	at org.springframework.test.context.junit4.SpringJUnit4ClassRunner.methodBlock(SpringJUnit4ClassRunner.java:289)
	at org.springframework.test.context.junit4.SpringJUnit4ClassRunner.runChild(SpringJUnit4ClassRunner.java:247)
	at org.springframework.test.context.junit4.SpringJUnit4ClassRunner.runChild(SpringJUnit4ClassRunner.java:94)
	at org.junit.runners.ParentRunner$3.run(ParentRunner.java:290)
	at org.junit.runners.ParentRunner$1.schedule(ParentRunner.java:71)
	at org.junit.runners.ParentRunner.runChildren(ParentRunner.java:288)
	at org.junit.runners.ParentRunner.access$000(ParentRunner.java:58)
	at org.junit.runners.ParentRunner$2.evaluate(ParentRunner.java:268)
	at org.springframework.test.context.junit4.statements.RunBeforeTestClassCallbacks.evaluate(RunBeforeTestClassCallbacks.java:61)
	at org.springframework.test.context.junit4.statements.RunAfterTestClassCallbacks.evaluate(RunAfterTestClassCallbacks.java:70)
	at org.junit.runners.ParentRunner.run(ParentRunner.java:363)
	at org.springframework.test.context.junit4.SpringJUnit4ClassRunner.run(SpringJUnit4ClassRunner.java:191)
	at org.apache.maven.surefire.junit4.JUnit4Provider.execute(JUnit4Provider.java:283)
	at org.apache.maven.surefire.junit4.JUnit4Provider.executeWithRerun(JUnit4Provider.java:173)
	at org.apache.maven.surefire.junit4.JUnit4Provider.executeTestSet(JUnit4Provider.java:153)
	at org.apache.maven.surefire.junit4.JUnit4Provider.invoke(JUnit4Provider.java:128)
	at org.apache.maven.surefire.booter.ForkedBooter.invokeProviderInSameClassLoader(ForkedBooter.java:203)
	at org.apache.maven.surefire.booter.ForkedBooter.runSuitesInProcess(ForkedBooter.java:155)
	at org.apache.maven.surefire.booter.ForkedBooter.main(ForkedBooter.java:103)
</error>
    <system-out><![CDATA[19:18:10.185 [main] DEBUG org.springframework.test.context.junit4.SpringJUnit4ClassRunner - SpringJUnit4ClassRunner constructor called with [class br.com.workshop.contacorrente.ContaCorrenteApplicationTests]
19:18:10.218 [main] DEBUG org.springframework.test.context.BootstrapUtils - Instantiating CacheAwareContextLoaderDelegate from class [org.springframework.test.context.cache.DefaultCacheAwareContextLoaderDelegate]
19:18:10.244 [main] DEBUG org.springframework.test.context.BootstrapUtils - Instantiating BootstrapContext using constructor [public org.springframework.test.context.support.DefaultBootstrapContext(java.lang.Class,org.springframework.test.context.CacheAwareContextLoaderDelegate)]
19:18:10.315 [main] DEBUG org.springframework.test.context.BootstrapUtils - Instantiating TestContextBootstrapper for test class [br.com.workshop.contacorrente.ContaCorrenteApplicationTests] from class [org.springframework.boot.test.context.SpringBootTestContextBootstrapper]
19:18:10.339 [main] INFO org.springframework.boot.test.context.SpringBootTestContextBootstrapper - Neither @ContextConfiguration nor @ContextHierarchy found for test class [br.com.workshop.contacorrente.ContaCorrenteApplicationTests], using SpringBootContextLoader
19:18:10.347 [main] DEBUG org.springframework.test.context.support.AbstractContextLoader - Did not detect default resource location for test class [br.com.workshop.contacorrente.ContaCorrenteApplicationTests]: class path resource [br/com/workshop/contacorrente/ContaCorrenteApplicationTests-context.xml] does not exist
19:18:10.348 [main] DEBUG org.springframework.test.context.support.AbstractContextLoader - Did not detect default resource location for test class [br.com.workshop.contacorrente.ContaCorrenteApplicationTests]: class path resource [br/com/workshop/contacorrente/ContaCorrenteApplicationTestsContext.groovy] does not exist
19:18:10.354 [main] INFO org.springframework.test.context.support.AbstractContextLoader - Could not detect default resource locations for test class [br.com.workshop.contacorrente.ContaCorrenteApplicationTests]: no resource found for suffixes {-context.xml, Context.groovy}.
19:18:10.360 [main] INFO org.springframework.test.context.support.AnnotationConfigContextLoaderUtils - Could not detect default configuration classes for test class [br.com.workshop.contacorrente.ContaCorrenteApplicationTests]: ContaCorrenteApplicationTests does not declare any static, non-private, non-final, nested classes annotated with @Configuration.
19:18:10.461 [main] DEBUG org.springframework.test.context.support.ActiveProfilesUtils - Could not find an 'annotation declaring class' for annotation type [org.springframework.test.context.ActiveProfiles] and class [br.com.workshop.contacorrente.ContaCorrenteApplicationTests]
19:18:10.483 [main] DEBUG org.springframework.core.env.StandardEnvironment - Adding PropertySource 'systemProperties' with lowest search precedence
19:18:10.492 [main] DEBUG org.springframework.core.env.StandardEnvironment - Adding PropertySource 'systemEnvironment' with lowest search precedence
19:18:10.495 [main] DEBUG org.springframework.core.env.StandardEnvironment - Initialized StandardEnvironment with PropertySources [MapPropertySource@733957003 {name='systemProperties', properties={java.runtime.name=OpenJDK Runtime Environment, sun.boot.library.path=/usr/lib/jvm/java-8-openjdk-amd64/jre/lib/amd64, java.vm.version=25.181-b13, java.vm.vendor=Oracle Corporation, java.vendor.url=http://java.oracle.com/, path.separator=:, java.vm.name=OpenJDK 64-Bit Server VM, file.encoding.pkg=sun.io, user.country=BR, sun.java.launcher=SUN_STANDARD, sun.os.patch.level=unknown, java.vm.specification.name=Java Virtual Machine Specification, user.dir=/home/workshop/eclipse-workspace/conta-corrente, java.runtime.version=1.8.0_181-8u181-b13-0ubuntu0.16.04.1-b13, basedir=/home/workshop/eclipse-workspace/conta-corrente, java.awt.graphicsenv=sun.awt.X11GraphicsEnvironment, java.endorsed.dirs=/usr/lib/jvm/java-8-openjdk-amd64/jre/lib/endorsed, os.arch=amd64, surefire.real.class.path=/home/workshop/eclipse-workspace/conta-corrente/target/surefire/surefirebooter5293801651747492315.jar, java.io.tmpdir=/tmp, line.separator=
, java.vm.specification.vendor=Oracle Corporation, os.name=Linux, sun.jnu.encoding=UTF-8, java.library.path=/usr/java/packages/lib/amd64:/usr/lib/x86_64-linux-gnu/jni:/lib/x86_64-linux-gnu:/usr/lib/x86_64-linux-gnu:/usr/lib/jni:/lib:/usr/lib, surefire.test.class.path=/home/workshop/eclipse-workspace/conta-corrente/target/test-classes:/home/workshop/eclipse-workspace/conta-corrente/target/classes:/home/workshop/.m2/repository/org/springframework/boot/spring-boot-starter-web/1.5.16.RELEASE/spring-boot-starter-web-1.5.16.RELEASE.jar:/home/workshop/.m2/repository/org/springframework/boot/spring-boot-starter/1.5.16.RELEASE/spring-boot-starter-1.5.16.RELEASE.jar:/home/workshop/.m2/repository/org/springframework/boot/spring-boot/1.5.16.RELEASE/spring-boot-1.5.16.RELEASE.jar:/home/workshop/.m2/repository/org/springframework/boot/spring-boot-autoconfigure/1.5.16.RELEASE/spring-boot-autoconfigure-1.5.16.RELEASE.jar:/home/workshop/.m2/repository/org/springframework/boot/spring-boot-starter-logging/1.5.16.RELEASE/spring-boot-starter-logging-1.5.16.RELEASE.jar:/home/workshop/.m2/repository/ch/qos/logback/logback-classic/1.1.11/logback-classic-1.1.11.jar:/home/workshop/.m2/repository/ch/qos/logback/logback-core/1.1.11/logback-core-1.1.11.jar:/home/workshop/.m2/repository/org/slf4j/jul-to-slf4j/1.7.25/jul-to-slf4j-1.7.25.jar:/home/workshop/.m2/repository/org/slf4j/log4j-over-slf4j/1.7.25/log4j-over-slf4j-1.7.25.jar:/home/workshop/.m2/repository/org/yaml/snakeyaml/1.17/snakeyaml-1.17.jar:/home/workshop/.m2/repository/org/springframework/boot/spring-boot-starter-tomcat/1.5.16.RELEASE/spring-boot-starter-tomcat-1.5.16.RELEASE.jar:/home/workshop/.m2/repository/org/apache/tomcat/embed/tomcat-embed-core/8.5.34/tomcat-embed-core-8.5.34.jar:/home/workshop/.m2/repository/org/apache/tomcat/tomcat-annotations-api/8.5.34/tomcat-annotations-api-8.5.34.jar:/home/workshop/.m2/repository/org/apache/tomcat/embed/tomcat-embed-el/8.5.34/tomcat-embed-el-8.5.34.jar:/home/workshop/.m2/repository/org/apache/tomcat/embed/tomcat-embed-websocket/8.5.34/tomcat-embed-websocket-8.5.34.jar:/home/workshop/.m2/repository/org/hibernate/hibernate-validator/5.3.6.Final/hibernate-validator-5.3.6.Final.jar:/home/workshop/.m2/repository/javax/validation/validation-api/1.1.0.Final/validation-api-1.1.0.Final.jar:/home/workshop/.m2/repository/org/jboss/logging/jboss-logging/3.3.2.Final/jboss-logging-3.3.2.Final.jar:/home/workshop/.m2/repository/com/fasterxml/jackson/core/jackson-databind/2.8.11.2/jackson-databind-2.8.11.2.jar:/home/workshop/.m2/repository/com/fasterxml/jackson/core/jackson-annotations/2.8.0/jackson-annotations-2.8.0.jar:/home/workshop/.m2/repository/com/fasterxml/jackson/core/jackson-core/2.8.11/jackson-core-2.8.11.jar:/home/workshop/.m2/repository/org/springframework/spring-web/4.3.19.RELEASE/spring-web-4.3.19.RELEASE.jar:/home/workshop/.m2/repository/org/springframework/spring-beans/4.3.19.RELEASE/spring-beans-4.3.19.RELEASE.jar:/home/workshop/.m2/repository/org/springframework/spring-context/4.3.19.RELEASE/spring-context-4.3.19.RELEASE.jar:/home/workshop/.m2/repository/org/springframework/spring-webmvc/4.3.19.RELEASE/spring-webmvc-4.3.19.RELEASE.jar:/home/workshop/.m2/repository/org/springframework/spring-expression/4.3.19.RELEASE/spring-expression-4.3.19.RELEASE.jar:/home/workshop/.m2/repository/org/springframework/boot/spring-boot-starter-test/1.5.16.RELEASE/spring-boot-starter-test-1.5.16.RELEASE.jar:/home/workshop/.m2/repository/org/springframework/boot/spring-boot-test/1.5.16.RELEASE/spring-boot-test-1.5.16.RELEASE.jar:/home/workshop/.m2/repository/org/springframework/boot/spring-boot-test-autoconfigure/1.5.16.RELEASE/spring-boot-test-autoconfigure-1.5.16.RELEASE.jar:/home/workshop/.m2/repository/com/jayway/jsonpath/json-path/2.2.0/json-path-2.2.0.jar:/home/workshop/.m2/repository/net/minidev/json-smart/2.2.1/json-smart-2.2.1.jar:/home/workshop/.m2/repository/net/minidev/accessors-smart/1.1/accessors-smart-1.1.jar:/home/workshop/.m2/repository/org/ow2/asm/asm/5.0.3/asm-5.0.3.jar:/home/workshop/.m2/repository/junit/junit/4.12/junit-4.12.jar:/home/workshop/.m2/repository/org/assertj/assertj-core/2.6.0/assertj-core-2.6.0.jar:/home/workshop/.m2/repository/org/mockito/mockito-core/1.10.19/mockito-core-1.10.19.jar:/home/workshop/.m2/repository/org/objenesis/objenesis/2.1/objenesis-2.1.jar:/home/workshop/.m2/repository/org/hamcrest/hamcrest-core/1.3/hamcrest-core-1.3.jar:/home/workshop/.m2/repository/org/hamcrest/hamcrest-library/1.3/hamcrest-library-1.3.jar:/home/workshop/.m2/repository/org/skyscreamer/jsonassert/1.4.0/jsonassert-1.4.0.jar:/home/workshop/.m2/repository/com/vaadin/external/google/android-json/0.0.20131108.vaadin1/android-json-0.0.20131108.vaadin1.jar:/home/workshop/.m2/repository/org/springframework/spring-core/4.3.19.RELEASE/spring-core-4.3.19.RELEASE.jar:/home/workshop/.m2/repository/org/springframework/spring-test/4.3.19.RELEASE/spring-test-4.3.19.RELEASE.jar:/home/workshop/.m2/repository/org/springframework/boot/spring-boot-starter-data-mongodb/1.5.16.RELEASE/spring-boot-starter-data-mongodb-1.5.16.RELEASE.jar:/home/workshop/.m2/repository/org/mongodb/mongodb-driver/3.4.3/mongodb-driver-3.4.3.jar:/home/workshop/.m2/repository/org/mongodb/mongodb-driver-core/3.4.3/mongodb-driver-core-3.4.3.jar:/home/workshop/.m2/repository/org/mongodb/bson/3.4.3/bson-3.4.3.jar:/home/workshop/.m2/repository/org/springframework/data/spring-data-mongodb/1.10.15.RELEASE/spring-data-mongodb-1.10.15.RELEASE.jar:/home/workshop/.m2/repository/org/springframework/spring-tx/4.3.19.RELEASE/spring-tx-4.3.19.RELEASE.jar:/home/workshop/.m2/repository/org/springframework/data/spring-data-commons/1.13.15.RELEASE/spring-data-commons-1.13.15.RELEASE.jar:/home/workshop/.m2/repository/org/slf4j/jcl-over-slf4j/1.7.25/jcl-over-slf4j-1.7.25.jar:/home/workshop/.m2/repository/io/springfox/springfox-swagger2/2.8.0/springfox-swagger2-2.8.0.jar:/home/workshop/.m2/repository/io/swagger/swagger-annotations/1.5.14/swagger-annotations-1.5.14.jar:/home/workshop/.m2/repository/io/swagger/swagger-models/1.5.14/swagger-models-1.5.14.jar:/home/workshop/.m2/repository/io/springfox/springfox-spi/2.8.0/springfox-spi-2.8.0.jar:/home/workshop/.m2/repository/io/springfox/springfox-core/2.8.0/springfox-core-2.8.0.jar:/home/workshop/.m2/repository/net/bytebuddy/byte-buddy/1.7.9/byte-buddy-1.7.9.jar:/home/workshop/.m2/repository/io/springfox/springfox-schema/2.8.0/springfox-schema-2.8.0.jar:/home/workshop/.m2/repository/io/springfox/springfox-swagger-common/2.8.0/springfox-swagger-common-2.8.0.jar:/home/workshop/.m2/repository/io/springfox/springfox-spring-web/2.8.0/springfox-spring-web-2.8.0.jar:/home/workshop/.m2/repository/org/reflections/reflections/0.9.11/reflections-0.9.11.jar:/home/workshop/.m2/repository/org/javassist/javassist/3.21.0-GA/javassist-3.21.0-GA.jar:/home/workshop/.m2/repository/com/google/guava/guava/20.0/guava-20.0.jar:/home/workshop/.m2/repository/com/fasterxml/classmate/1.3.4/classmate-1.3.4.jar:/home/workshop/.m2/repository/org/slf4j/slf4j-api/1.7.25/slf4j-api-1.7.25.jar:/home/workshop/.m2/repository/org/springframework/plugin/spring-plugin-core/1.2.0.RELEASE/spring-plugin-core-1.2.0.RELEASE.jar:/home/workshop/.m2/repository/org/springframework/plugin/spring-plugin-metadata/1.2.0.RELEASE/spring-plugin-metadata-1.2.0.RELEASE.jar:/home/workshop/.m2/repository/org/mapstruct/mapstruct/1.2.0.Final/mapstruct-1.2.0.Final.jar:/home/workshop/.m2/repository/io/springfox/springfox-swagger-ui/2.8.0/springfox-swagger-ui-2.8.0.jar:/home/workshop/.m2/repository/org/springframework/boot/spring-boot-starter-security/1.5.16.RELEASE/spring-boot-starter-security-1.5.16.RELEASE.jar:/home/workshop/.m2/repository/org/springframework/spring-aop/4.3.19.RELEASE/spring-aop-4.3.19.RELEASE.jar:/home/workshop/.m2/repository/org/springframework/security/spring-security-config/4.2.8.RELEASE/spring-security-config-4.2.8.RELEASE.jar:/home/workshop/.m2/repository/org/springframework/security/spring-security-core/4.2.8.RELEASE/spring-security-core-4.2.8.RELEASE.jar:/home/workshop/.m2/repository/org/springframework/security/spring-security-web/4.2.8.RELEASE/spring-security-web-4.2.8.RELEASE.jar:, java.specification.name=Java Platform API Specification, java.class.version=52.0, sun.management.compiler=HotSpot 64-Bit Tiered Compilers, os.version=4.15.0-36-generic, user.home=/home/workshop, user.timezone=America/Sao_Paulo, java.awt.printerjob=sun.print.PSPrinterJob, file.encoding=UTF-8, java.specification.version=1.8, java.class.path=/home/workshop/eclipse-workspace/conta-corrente/target/test-classes:/home/workshop/eclipse-workspace/conta-corrente/target/classes:/home/workshop/.m2/repository/org/springframework/boot/spring-boot-starter-web/1.5.16.RELEASE/spring-boot-starter-web-1.5.16.RELEASE.jar:/home/workshop/.m2/repository/org/springframework/boot/spring-boot-starter/1.5.16.RELEASE/spring-boot-starter-1.5.16.RELEASE.jar:/home/workshop/.m2/repository/org/springframework/boot/spring-boot/1.5.16.RELEASE/spring-boot-1.5.16.RELEASE.jar:/home/workshop/.m2/repository/org/springframework/boot/spring-boot-autoconfigure/1.5.16.RELEASE/spring-boot-autoconfigure-1.5.16.RELEASE.jar:/home/workshop/.m2/repository/org/springframework/boot/spring-boot-starter-logging/1.5.16.RELEASE/spring-boot-starter-logging-1.5.16.RELEASE.jar:/home/workshop/.m2/repository/ch/qos/logback/logback-classic/1.1.11/logback-classic-1.1.11.jar:/home/workshop/.m2/repository/ch/qos/logback/logback-core/1.1.11/logback-core-1.1.11.jar:/home/workshop/.m2/repository/org/slf4j/jul-to-slf4j/1.7.25/jul-to-slf4j-1.7.25.jar:/home/workshop/.m2/repository/org/slf4j/log4j-over-slf4j/1.7.25/log4j-over-slf4j-1.7.25.jar:/home/workshop/.m2/repository/org/yaml/snakeyaml/1.17/snakeyaml-1.17.jar:/home/workshop/.m2/repository/org/springframework/boot/spring-boot-starter-tomcat/1.5.16.RELEASE/spring-boot-starter-tomcat-1.5.16.RELEASE.jar:/home/workshop/.m2/repository/org/apache/tomcat/embed/tomcat-embed-core/8.5.34/tomcat-embed-core-8.5.34.jar:/home/workshop/.m2/repository/org/apache/tomcat/tomcat-annotations-api/8.5.34/tomcat-annotations-api-8.5.34.jar:/home/workshop/.m2/repository/org/apache/tomcat/embed/tomcat-embed-el/8.5.34/tomcat-embed-el-8.5.34.jar:/home/workshop/.m2/repository/org/apache/tomcat/embed/tomcat-embed-websocket/8.5.34/tomcat-embed-websocket-8.5.34.jar:/home/workshop/.m2/repository/org/hibernate/hibernate-validator/5.3.6.Final/hibernate-validator-5.3.6.Final.jar:/home/workshop/.m2/repository/javax/validation/validation-api/1.1.0.Final/validation-api-1.1.0.Final.jar:/home/workshop/.m2/repository/org/jboss/logging/jboss-logging/3.3.2.Final/jboss-logging-3.3.2.Final.jar:/home/workshop/.m2/repository/com/fasterxml/jackson/core/jackson-databind/2.8.11.2/jackson-databind-2.8.11.2.jar:/home/workshop/.m2/repository/com/fasterxml/jackson/core/jackson-annotations/2.8.0/jackson-annotations-2.8.0.jar:/home/workshop/.m2/repository/com/fasterxml/jackson/core/jackson-core/2.8.11/jackson-core-2.8.11.jar:/home/workshop/.m2/repository/org/springframework/spring-web/4.3.19.RELEASE/spring-web-4.3.19.RELEASE.jar:/home/workshop/.m2/repository/org/springframework/spring-beans/4.3.19.RELEASE/spring-beans-4.3.19.RELEASE.jar:/home/workshop/.m2/repository/org/springframework/spring-context/4.3.19.RELEASE/spring-context-4.3.19.RELEASE.jar:/home/workshop/.m2/repository/org/springframework/spring-webmvc/4.3.19.RELEASE/spring-webmvc-4.3.19.RELEASE.jar:/home/workshop/.m2/repository/org/springframework/spring-expression/4.3.19.RELEASE/spring-expression-4.3.19.RELEASE.jar:/home/workshop/.m2/repository/org/springframework/boot/spring-boot-starter-test/1.5.16.RELEASE/spring-boot-starter-test-1.5.16.RELEASE.jar:/home/workshop/.m2/repository/org/springframework/boot/spring-boot-test/1.5.16.RELEASE/spring-boot-test-1.5.16.RELEASE.jar:/home/workshop/.m2/repository/org/springframework/boot/spring-boot-test-autoconfigure/1.5.16.RELEASE/spring-boot-test-autoconfigure-1.5.16.RELEASE.jar:/home/workshop/.m2/repository/com/jayway/jsonpath/json-path/2.2.0/json-path-2.2.0.jar:/home/workshop/.m2/repository/net/minidev/json-smart/2.2.1/json-smart-2.2.1.jar:/home/workshop/.m2/repository/net/minidev/accessors-smart/1.1/accessors-smart-1.1.jar:/home/workshop/.m2/repository/org/ow2/asm/asm/5.0.3/asm-5.0.3.jar:/home/workshop/.m2/repository/junit/junit/4.12/junit-4.12.jar:/home/workshop/.m2/repository/org/assertj/assertj-core/2.6.0/assertj-core-2.6.0.jar:/home/workshop/.m2/repository/org/mockito/mockito-core/1.10.19/mockito-core-1.10.19.jar:/home/workshop/.m2/repository/org/objenesis/objenesis/2.1/objenesis-2.1.jar:/home/workshop/.m2/repository/org/hamcrest/hamcrest-core/1.3/hamcrest-core-1.3.jar:/home/workshop/.m2/repository/org/hamcrest/hamcrest-library/1.3/hamcrest-library-1.3.jar:/home/workshop/.m2/repository/org/skyscreamer/jsonassert/1.4.0/jsonassert-1.4.0.jar:/home/workshop/.m2/repository/com/vaadin/external/google/android-json/0.0.20131108.vaadin1/android-json-0.0.20131108.vaadin1.jar:/home/workshop/.m2/repository/org/springframework/spring-core/4.3.19.RELEASE/spring-core-4.3.19.RELEASE.jar:/home/workshop/.m2/repository/org/springframework/spring-test/4.3.19.RELEASE/spring-test-4.3.19.RELEASE.jar:/home/workshop/.m2/repository/org/springframework/boot/spring-boot-starter-data-mongodb/1.5.16.RELEASE/spring-boot-starter-data-mongodb-1.5.16.RELEASE.jar:/home/workshop/.m2/repository/org/mongodb/mongodb-driver/3.4.3/mongodb-driver-3.4.3.jar:/home/workshop/.m2/repository/org/mongodb/mongodb-driver-core/3.4.3/mongodb-driver-core-3.4.3.jar:/home/workshop/.m2/repository/org/mongodb/bson/3.4.3/bson-3.4.3.jar:/home/workshop/.m2/repository/org/springframework/data/spring-data-mongodb/1.10.15.RELEASE/spring-data-mongodb-1.10.15.RELEASE.jar:/home/workshop/.m2/repository/org/springframework/spring-tx/4.3.19.RELEASE/spring-tx-4.3.19.RELEASE.jar:/home/workshop/.m2/repository/org/springframework/data/spring-data-commons/1.13.15.RELEASE/spring-data-commons-1.13.15.RELEASE.jar:/home/workshop/.m2/repository/org/slf4j/jcl-over-slf4j/1.7.25/jcl-over-slf4j-1.7.25.jar:/home/workshop/.m2/repository/io/springfox/springfox-swagger2/2.8.0/springfox-swagger2-2.8.0.jar:/home/workshop/.m2/repository/io/swagger/swagger-annotations/1.5.14/swagger-annotations-1.5.14.jar:/home/workshop/.m2/repository/io/swagger/swagger-models/1.5.14/swagger-models-1.5.14.jar:/home/workshop/.m2/repository/io/springfox/springfox-spi/2.8.0/springfox-spi-2.8.0.jar:/home/workshop/.m2/repository/io/springfox/springfox-core/2.8.0/springfox-core-2.8.0.jar:/home/workshop/.m2/repository/net/bytebuddy/byte-buddy/1.7.9/byte-buddy-1.7.9.jar:/home/workshop/.m2/repository/io/springfox/springfox-schema/2.8.0/springfox-schema-2.8.0.jar:/home/workshop/.m2/repository/io/springfox/springfox-swagger-common/2.8.0/springfox-swagger-common-2.8.0.jar:/home/workshop/.m2/repository/io/springfox/springfox-spring-web/2.8.0/springfox-spring-web-2.8.0.jar:/home/workshop/.m2/repository/org/reflections/reflections/0.9.11/reflections-0.9.11.jar:/home/workshop/.m2/repository/org/javassist/javassist/3.21.0-GA/javassist-3.21.0-GA.jar:/home/workshop/.m2/repository/com/google/guava/guava/20.0/guava-20.0.jar:/home/workshop/.m2/repository/com/fasterxml/classmate/1.3.4/classmate-1.3.4.jar:/home/workshop/.m2/repository/org/slf4j/slf4j-api/1.7.25/slf4j-api-1.7.25.jar:/home/workshop/.m2/repository/org/springframework/plugin/spring-plugin-core/1.2.0.RELEASE/spring-plugin-core-1.2.0.RELEASE.jar:/home/workshop/.m2/repository/org/springframework/plugin/spring-plugin-metadata/1.2.0.RELEASE/spring-plugin-metadata-1.2.0.RELEASE.jar:/home/workshop/.m2/repository/org/mapstruct/mapstruct/1.2.0.Final/mapstruct-1.2.0.Final.jar:/home/workshop/.m2/repository/io/springfox/springfox-swagger-ui/2.8.0/springfox-swagger-ui-2.8.0.jar:/home/workshop/.m2/repository/org/springframework/boot/spring-boot-starter-security/1.5.16.RELEASE/spring-boot-starter-security-1.5.16.RELEASE.jar:/home/workshop/.m2/repository/org/springframework/spring-aop/4.3.19.RELEASE/spring-aop-4.3.19.RELEASE.jar:/home/workshop/.m2/repository/org/springframework/security/spring-security-config/4.2.8.RELEASE/spring-security-config-4.2.8.RELEASE.jar:/home/workshop/.m2/repository/org/springframework/security/spring-security-core/4.2.8.RELEASE/spring-security-core-4.2.8.RELEASE.jar:/home/workshop/.m2/repository/org/springframework/security/spring-security-web/4.2.8.RELEASE/spring-security-web-4.2.8.RELEASE.jar:, user.name=workshop, java.vm.specification.version=1.8, sun.java.command=/home/workshop/eclipse-workspace/conta-corrente/target/surefire/surefirebooter5293801651747492315.jar /home/workshop/eclipse-workspace/conta-corrente/target/surefire/surefire4754302700611933703tmp /home/workshop/eclipse-workspace/conta-corrente/target/surefire/surefire_01787856156449520283tmp, java.home=/usr/lib/jvm/java-8-openjdk-amd64/jre, sun.arch.data.model=64, user.language=pt, java.specification.vendor=Oracle Corporation, awt.toolkit=sun.awt.X11.XToolkit, java.vm.info=mixed mode, java.version=1.8.0_181, java.ext.dirs=/usr/lib/jvm/java-8-openjdk-amd64/jre/lib/ext:/usr/java/packages/lib/ext, sun.boot.class.path=/usr/lib/jvm/java-8-openjdk-amd64/jre/lib/resources.jar:/usr/lib/jvm/java-8-openjdk-amd64/jre/lib/rt.jar:/usr/lib/jvm/java-8-openjdk-amd64/jre/lib/sunrsasign.jar:/usr/lib/jvm/java-8-openjdk-amd64/jre/lib/jsse.jar:/usr/lib/jvm/java-8-openjdk-amd64/jre/lib/jce.jar:/usr/lib/jvm/java-8-openjdk-amd64/jre/lib/charsets.jar:/usr/lib/jvm/java-8-openjdk-amd64/jre/lib/jfr.jar:/usr/lib/jvm/java-8-openjdk-amd64/jre/classes, java.vendor=Oracle Corporation, localRepository=/home/workshop/.m2/repository, file.separator=/, java.vendor.url.bug=http://bugreport.sun.com/bugreport/, sun.io.unicode.encoding=UnicodeLittle, sun.cpu.endian=little, sun.cpu.isalist=}}, SystemEnvironmentPropertySource@815992954 {name='systemEnvironment', properties={PATH=/home/workshop/bin:/home/workshop/.local/bin:/usr/local/sbin:/usr/local/bin:/usr/sbin:/usr/bin:/sbin:/bin:/usr/games:/usr/local/games, XAUTHORITY=/home/workshop/.Xauthority, QT_PLATFORM_PLUGIN=lxqt, OXYGEN_DISABLE_INNER_SHADOWS_HACK=1, _LXSESSION_PID=903, XDG_DATA_DIRS=/etc/xdg/lubuntu:/usr/local/share:/usr/share:/usr/share/gdm:/var/lib/menu-xdg:/usr/share/Lubuntu:/usr/local/share/:/usr/share/, GDMSESSION=Lubuntu, MANDATORY_PATH=/usr/share/gconf/Lubuntu.mandatory.path, XDG_CONFIG_DIRS=/etc/xdg/lubuntu:/etc/xdg/xdg-Lubuntu:/etc/xdg, LANG=pt_BR.UTF-8, DBUS_SESSION_BUS_ADDRESS=unix:abstract=/tmp/dbus-0pSku2YxTU,guid=294a394def191fa0a05a6ce55bc65dba, XDG_SEAT_PATH=/org/freedesktop/DisplayManager/Seat0, XDG_SESSION_ID=c1, XDG_SESSION_TYPE=x11, DEFAULTS_PATH=/usr/share/gconf/Lubuntu.default.path, XDG_CURRENT_DESKTOP=LXDE, DISPLAY=:0, SSH_AGENT_PID=1014, LOGNAME=workshop, PWD=/home/workshop/eclipse-workspace/conta-corrente, LANGUAGE=pt_BR:, SHELL=/bin/bash, GDM_LANG=pt_BR, XDG_GREETER_DATA_DIR=/var/lib/lightdm-data/workshop, LIBOVERLAY_SCROLLBAR=0, GDK_CORE_DEVICE_EVENTS=1, DESKTOP_SESSION=Lubuntu, OLDPWD=/home/workshop/eclipse-workspace/conta-corrente, USER=workshop, XDG_CONFIG_HOME=/home/workshop/.config, XDG_MENU_PREFIX=lxde-, SSH_AUTH_SOCK=/tmp/ssh-xjg0O0awxrkZ/agent.903, XDG_SEAT=seat0, XDG_SESSION_PATH=/org/freedesktop/DisplayManager/Session0, SAL_USE_VCLPLUGIN=gtk, QT_QPA_PLATFORMTHEME=lxqt, XDG_VTNR=7, XDG_SESSION_DESKTOP=Lubuntu, XDG_RUNTIME_DIR=/run/user/1000, HOME=/home/workshop, SHLVL=0}}]
19:18:10.560 [main] DEBUG org.springframework.core.io.support.PathMatchingResourcePatternResolver - Resolved classpath location [br/com/workshop/contacorrente/] to resources [URL [file:/home/workshop/eclipse-workspace/conta-corrente/target/test-classes/br/com/workshop/contacorrente/], URL [file:/home/workshop/eclipse-workspace/conta-corrente/target/classes/br/com/workshop/contacorrente/]]
19:18:10.562 [main] DEBUG org.springframework.core.io.support.PathMatchingResourcePatternResolver - Looking for matching resources in directory tree [/home/workshop/eclipse-workspace/conta-corrente/target/test-classes/br/com/workshop/contacorrente]
19:18:10.563 [main] DEBUG org.springframework.core.io.support.PathMatchingResourcePatternResolver - Searching directory [/home/workshop/eclipse-workspace/conta-corrente/target/test-classes/br/com/workshop/contacorrente] for files matching pattern [/home/workshop/eclipse-workspace/conta-corrente/target/test-classes/br/com/workshop/contacorrente/*.class]
19:18:10.577 [main] DEBUG org.springframework.core.io.support.PathMatchingResourcePatternResolver - Looking for matching resources in directory tree [/home/workshop/eclipse-workspace/conta-corrente/target/classes/br/com/workshop/contacorrente]
19:18:10.578 [main] DEBUG org.springframework.core.io.support.PathMatchingResourcePatternResolver - Searching directory [/home/workshop/eclipse-workspace/conta-corrente/target/classes/br/com/workshop/contacorrente] for files matching pattern [/home/workshop/eclipse-workspace/conta-corrente/target/classes/br/com/workshop/contacorrente/*.class]
19:18:10.583 [main] DEBUG org.springframework.core.io.support.PathMatchingResourcePatternResolver - Resolved location pattern [classpath*:br/com/workshop/contacorrente/*.class] to resources [file [/home/workshop/eclipse-workspace/conta-corrente/target/test-classes/br/com/workshop/contacorrente/ContaCorrenteApplicationTests.class], file [/home/workshop/eclipse-workspace/conta-corrente/target/classes/br/com/workshop/contacorrente/ContaCorrenteApplication.class]]
19:18:10.754 [main] DEBUG org.springframework.context.annotation.ClassPathScanningCandidateComponentProvider - Identified candidate component class: file [/home/workshop/eclipse-workspace/conta-corrente/target/classes/br/com/workshop/contacorrente/ContaCorrenteApplication.class]
19:18:10.762 [main] INFO org.springframework.boot.test.context.SpringBootTestContextBootstrapper - Found @SpringBootConfiguration br.com.workshop.contacorrente.ContaCorrenteApplication for test class br.com.workshop.contacorrente.ContaCorrenteApplicationTests
19:18:10.775 [main] DEBUG org.springframework.boot.test.context.SpringBootTestContextBootstrapper - @TestExecutionListeners is not present for class [br.com.workshop.contacorrente.ContaCorrenteApplicationTests]: using defaults.
19:18:10.787 [main] INFO org.springframework.boot.test.context.SpringBootTestContextBootstrapper - Loaded default TestExecutionListener class names from location [META-INF/spring.factories]: [org.springframework.boot.test.mock.mockito.MockitoTestExecutionListener, org.springframework.boot.test.mock.mockito.ResetMocksTestExecutionListener, org.springframework.boot.test.autoconfigure.restdocs.RestDocsTestExecutionListener, org.springframework.boot.test.autoconfigure.web.client.MockRestServiceServerResetTestExecutionListener, org.springframework.boot.test.autoconfigure.web.servlet.MockMvcPrintOnlyOnFailureTestExecutionListener, org.springframework.boot.test.autoconfigure.web.servlet.WebDriverTestExecutionListener, org.springframework.test.context.web.ServletTestExecutionListener, org.springframework.test.context.support.DirtiesContextBeforeModesTestExecutionListener, org.springframework.test.context.support.DependencyInjectionTestExecutionListener, org.springframework.test.context.support.DirtiesContextTestExecutionListener, org.springframework.test.context.transaction.TransactionalTestExecutionListener, org.springframework.test.context.jdbc.SqlScriptsTestExecutionListener]
19:18:10.835 [main] INFO org.springframework.boot.test.context.SpringBootTestContextBootstrapper - Using TestExecutionListeners: [org.springframework.test.context.web.ServletTestExecutionListener@64d7f7e0, org.springframework.test.context.support.DirtiesContextBeforeModesTestExecutionListener@27c6e487, org.springframework.boot.test.mock.mockito.MockitoTestExecutionListener@49070868, org.springframework.boot.test.autoconfigure.SpringBootDependencyInjectionTestExecutionListener@6385cb26, org.springframework.test.context.support.DirtiesContextTestExecutionListener@38364841, org.springframework.test.context.transaction.TransactionalTestExecutionListener@28c4711c, org.springframework.test.context.jdbc.SqlScriptsTestExecutionListener@59717824, org.springframework.boot.test.mock.mockito.ResetMocksTestExecutionListener@146044d7, org.springframework.boot.test.autoconfigure.restdocs.RestDocsTestExecutionListener@1e9e725a, org.springframework.boot.test.autoconfigure.web.client.MockRestServiceServerResetTestExecutionListener@15d9bc04, org.springframework.boot.test.autoconfigure.web.servlet.MockMvcPrintOnlyOnFailureTestExecutionListener@473b46c3, org.springframework.boot.test.autoconfigure.web.servlet.WebDriverTestExecutionListener@516be40f]
19:18:10.839 [main] DEBUG org.springframework.test.annotation.ProfileValueUtils - Retrieved @ProfileValueSourceConfiguration [null] for test class [br.com.workshop.contacorrente.ContaCorrenteApplicationTests]
19:18:10.840 [main] DEBUG org.springframework.test.annotation.ProfileValueUtils - Retrieved ProfileValueSource type [class org.springframework.test.annotation.SystemProfileValueSource] for class [br.com.workshop.contacorrente.ContaCorrenteApplicationTests]
19:18:10.845 [main] DEBUG org.springframework.test.context.junit4.SpringJUnit4ClassRunner - SpringJUnit4ClassRunner constructor called with [class br.com.workshop.contacorrente.ContaCorrenteApplicationTests]
19:18:10.846 [main] DEBUG org.springframework.test.context.BootstrapUtils - Instantiating CacheAwareContextLoaderDelegate from class [org.springframework.test.context.cache.DefaultCacheAwareContextLoaderDelegate]
19:18:10.846 [main] DEBUG org.springframework.test.context.BootstrapUtils - Instantiating BootstrapContext using constructor [public org.springframework.test.context.support.DefaultBootstrapContext(java.lang.Class,org.springframework.test.context.CacheAwareContextLoaderDelegate)]
19:18:10.855 [main] DEBUG org.springframework.test.context.BootstrapUtils - Instantiating TestContextBootstrapper for test class [br.com.workshop.contacorrente.ContaCorrenteApplicationTests] from class [org.springframework.boot.test.context.SpringBootTestContextBootstrapper]
19:18:10.857 [main] INFO org.springframework.boot.test.context.SpringBootTestContextBootstrapper - Neither @ContextConfiguration nor @ContextHierarchy found for test class [br.com.workshop.contacorrente.ContaCorrenteApplicationTests], using SpringBootContextLoader
19:18:10.859 [main] DEBUG org.springframework.test.context.support.AbstractContextLoader - Did not detect default resource location for test class [br.com.workshop.contacorrente.ContaCorrenteApplicationTests]: class path resource [br/com/workshop/contacorrente/ContaCorrenteApplicationTests-context.xml] does not exist
19:18:10.859 [main] DEBUG org.springframework.test.context.support.AbstractContextLoader - Did not detect default resource location for test class [br.com.workshop.contacorrente.ContaCorrenteApplicationTests]: class path resource [br/com/workshop/contacorrente/ContaCorrenteApplicationTestsContext.groovy] does not exist
19:18:10.867 [main] INFO org.springframework.test.context.support.AbstractContextLoader - Could not detect default resource locations for test class [br.com.workshop.contacorrente.ContaCorrenteApplicationTests]: no resource found for suffixes {-context.xml, Context.groovy}.
19:18:10.870 [main] INFO org.springframework.test.context.support.AnnotationConfigContextLoaderUtils - Could not detect default configuration classes for test class [br.com.workshop.contacorrente.ContaCorrenteApplicationTests]: ContaCorrenteApplicationTests does not declare any static, non-private, non-final, nested classes annotated with @Configuration.
19:18:10.887 [main] DEBUG org.springframework.test.context.support.ActiveProfilesUtils - Could not find an 'annotation declaring class' for annotation type [org.springframework.test.context.ActiveProfiles] and class [br.com.workshop.contacorrente.ContaCorrenteApplicationTests]
19:18:10.888 [main] DEBUG org.springframework.core.env.StandardEnvironment - Adding PropertySource 'systemProperties' with lowest search precedence
19:18:10.888 [main] DEBUG org.springframework.core.env.StandardEnvironment - Adding PropertySource 'systemEnvironment' with lowest search precedence
19:18:10.890 [main] DEBUG org.springframework.core.env.StandardEnvironment - Initialized StandardEnvironment with PropertySources [MapPropertySource@1931444790 {name='systemProperties', properties={java.runtime.name=OpenJDK Runtime Environment, sun.boot.library.path=/usr/lib/jvm/java-8-openjdk-amd64/jre/lib/amd64, java.vm.version=25.181-b13, java.vm.vendor=Oracle Corporation, java.vendor.url=http://java.oracle.com/, path.separator=:, java.vm.name=OpenJDK 64-Bit Server VM, file.encoding.pkg=sun.io, user.country=BR, sun.java.launcher=SUN_STANDARD, sun.os.patch.level=unknown, java.vm.specification.name=Java Virtual Machine Specification, user.dir=/home/workshop/eclipse-workspace/conta-corrente, java.runtime.version=1.8.0_181-8u181-b13-0ubuntu0.16.04.1-b13, basedir=/home/workshop/eclipse-workspace/conta-corrente, java.awt.graphicsenv=sun.awt.X11GraphicsEnvironment, java.endorsed.dirs=/usr/lib/jvm/java-8-openjdk-amd64/jre/lib/endorsed, os.arch=amd64, surefire.real.class.path=/home/workshop/eclipse-workspace/conta-corrente/target/surefire/surefirebooter5293801651747492315.jar, java.io.tmpdir=/tmp, line.separator=
, java.vm.specification.vendor=Oracle Corporation, os.name=Linux, sun.jnu.encoding=UTF-8, java.library.path=/usr/java/packages/lib/amd64:/usr/lib/x86_64-linux-gnu/jni:/lib/x86_64-linux-gnu:/usr/lib/x86_64-linux-gnu:/usr/lib/jni:/lib:/usr/lib, surefire.test.class.path=/home/workshop/eclipse-workspace/conta-corrente/target/test-classes:/home/workshop/eclipse-workspace/conta-corrente/target/classes:/home/workshop/.m2/repository/org/springframework/boot/spring-boot-starter-web/1.5.16.RELEASE/spring-boot-starter-web-1.5.16.RELEASE.jar:/home/workshop/.m2/repository/org/springframework/boot/spring-boot-starter/1.5.16.RELEASE/spring-boot-starter-1.5.16.RELEASE.jar:/home/workshop/.m2/repository/org/springframework/boot/spring-boot/1.5.16.RELEASE/spring-boot-1.5.16.RELEASE.jar:/home/workshop/.m2/repository/org/springframework/boot/spring-boot-autoconfigure/1.5.16.RELEASE/spring-boot-autoconfigure-1.5.16.RELEASE.jar:/home/workshop/.m2/repository/org/springframework/boot/spring-boot-starter-logging/1.5.16.RELEASE/spring-boot-starter-logging-1.5.16.RELEASE.jar:/home/workshop/.m2/repository/ch/qos/logback/logback-classic/1.1.11/logback-classic-1.1.11.jar:/home/workshop/.m2/repository/ch/qos/logback/logback-core/1.1.11/logback-core-1.1.11.jar:/home/workshop/.m2/repository/org/slf4j/jul-to-slf4j/1.7.25/jul-to-slf4j-1.7.25.jar:/home/workshop/.m2/repository/org/slf4j/log4j-over-slf4j/1.7.25/log4j-over-slf4j-1.7.25.jar:/home/workshop/.m2/repository/org/yaml/snakeyaml/1.17/snakeyaml-1.17.jar:/home/workshop/.m2/repository/org/springframework/boot/spring-boot-starter-tomcat/1.5.16.RELEASE/spring-boot-starter-tomcat-1.5.16.RELEASE.jar:/home/workshop/.m2/repository/org/apache/tomcat/embed/tomcat-embed-core/8.5.34/tomcat-embed-core-8.5.34.jar:/home/workshop/.m2/repository/org/apache/tomcat/tomcat-annotations-api/8.5.34/tomcat-annotations-api-8.5.34.jar:/home/workshop/.m2/repository/org/apache/tomcat/embed/tomcat-embed-el/8.5.34/tomcat-embed-el-8.5.34.jar:/home/workshop/.m2/repository/org/apache/tomcat/embed/tomcat-embed-websocket/8.5.34/tomcat-embed-websocket-8.5.34.jar:/home/workshop/.m2/repository/org/hibernate/hibernate-validator/5.3.6.Final/hibernate-validator-5.3.6.Final.jar:/home/workshop/.m2/repository/javax/validation/validation-api/1.1.0.Final/validation-api-1.1.0.Final.jar:/home/workshop/.m2/repository/org/jboss/logging/jboss-logging/3.3.2.Final/jboss-logging-3.3.2.Final.jar:/home/workshop/.m2/repository/com/fasterxml/jackson/core/jackson-databind/2.8.11.2/jackson-databind-2.8.11.2.jar:/home/workshop/.m2/repository/com/fasterxml/jackson/core/jackson-annotations/2.8.0/jackson-annotations-2.8.0.jar:/home/workshop/.m2/repository/com/fasterxml/jackson/core/jackson-core/2.8.11/jackson-core-2.8.11.jar:/home/workshop/.m2/repository/org/springframework/spring-web/4.3.19.RELEASE/spring-web-4.3.19.RELEASE.jar:/home/workshop/.m2/repository/org/springframework/spring-beans/4.3.19.RELEASE/spring-beans-4.3.19.RELEASE.jar:/home/workshop/.m2/repository/org/springframework/spring-context/4.3.19.RELEASE/spring-context-4.3.19.RELEASE.jar:/home/workshop/.m2/repository/org/springframework/spring-webmvc/4.3.19.RELEASE/spring-webmvc-4.3.19.RELEASE.jar:/home/workshop/.m2/repository/org/springframework/spring-expression/4.3.19.RELEASE/spring-expression-4.3.19.RELEASE.jar:/home/workshop/.m2/repository/org/springframework/boot/spring-boot-starter-test/1.5.16.RELEASE/spring-boot-starter-test-1.5.16.RELEASE.jar:/home/workshop/.m2/repository/org/springframework/boot/spring-boot-test/1.5.16.RELEASE/spring-boot-test-1.5.16.RELEASE.jar:/home/workshop/.m2/repository/org/springframework/boot/spring-boot-test-autoconfigure/1.5.16.RELEASE/spring-boot-test-autoconfigure-1.5.16.RELEASE.jar:/home/workshop/.m2/repository/com/jayway/jsonpath/json-path/2.2.0/json-path-2.2.0.jar:/home/workshop/.m2/repository/net/minidev/json-smart/2.2.1/json-smart-2.2.1.jar:/home/workshop/.m2/repository/net/minidev/accessors-smart/1.1/accessors-smart-1.1.jar:/home/workshop/.m2/repository/org/ow2/asm/asm/5.0.3/asm-5.0.3.jar:/home/workshop/.m2/repository/junit/junit/4.12/junit-4.12.jar:/home/workshop/.m2/repository/org/assertj/assertj-core/2.6.0/assertj-core-2.6.0.jar:/home/workshop/.m2/repository/org/mockito/mockito-core/1.10.19/mockito-core-1.10.19.jar:/home/workshop/.m2/repository/org/objenesis/objenesis/2.1/objenesis-2.1.jar:/home/workshop/.m2/repository/org/hamcrest/hamcrest-core/1.3/hamcrest-core-1.3.jar:/home/workshop/.m2/repository/org/hamcrest/hamcrest-library/1.3/hamcrest-library-1.3.jar:/home/workshop/.m2/repository/org/skyscreamer/jsonassert/1.4.0/jsonassert-1.4.0.jar:/home/workshop/.m2/repository/com/vaadin/external/google/android-json/0.0.20131108.vaadin1/android-json-0.0.20131108.vaadin1.jar:/home/workshop/.m2/repository/org/springframework/spring-core/4.3.19.RELEASE/spring-core-4.3.19.RELEASE.jar:/home/workshop/.m2/repository/org/springframework/spring-test/4.3.19.RELEASE/spring-test-4.3.19.RELEASE.jar:/home/workshop/.m2/repository/org/springframework/boot/spring-boot-starter-data-mongodb/1.5.16.RELEASE/spring-boot-starter-data-mongodb-1.5.16.RELEASE.jar:/home/workshop/.m2/repository/org/mongodb/mongodb-driver/3.4.3/mongodb-driver-3.4.3.jar:/home/workshop/.m2/repository/org/mongodb/mongodb-driver-core/3.4.3/mongodb-driver-core-3.4.3.jar:/home/workshop/.m2/repository/org/mongodb/bson/3.4.3/bson-3.4.3.jar:/home/workshop/.m2/repository/org/springframework/data/spring-data-mongodb/1.10.15.RELEASE/spring-data-mongodb-1.10.15.RELEASE.jar:/home/workshop/.m2/repository/org/springframework/spring-tx/4.3.19.RELEASE/spring-tx-4.3.19.RELEASE.jar:/home/workshop/.m2/repository/org/springframework/data/spring-data-commons/1.13.15.RELEASE/spring-data-commons-1.13.15.RELEASE.jar:/home/workshop/.m2/repository/org/slf4j/jcl-over-slf4j/1.7.25/jcl-over-slf4j-1.7.25.jar:/home/workshop/.m2/repository/io/springfox/springfox-swagger2/2.8.0/springfox-swagger2-2.8.0.jar:/home/workshop/.m2/repository/io/swagger/swagger-annotations/1.5.14/swagger-annotations-1.5.14.jar:/home/workshop/.m2/repository/io/swagger/swagger-models/1.5.14/swagger-models-1.5.14.jar:/home/workshop/.m2/repository/io/springfox/springfox-spi/2.8.0/springfox-spi-2.8.0.jar:/home/workshop/.m2/repository/io/springfox/springfox-core/2.8.0/springfox-core-2.8.0.jar:/home/workshop/.m2/repository/net/bytebuddy/byte-buddy/1.7.9/byte-buddy-1.7.9.jar:/home/workshop/.m2/repository/io/springfox/springfox-schema/2.8.0/springfox-schema-2.8.0.jar:/home/workshop/.m2/repository/io/springfox/springfox-swagger-common/2.8.0/springfox-swagger-common-2.8.0.jar:/home/workshop/.m2/repository/io/springfox/springfox-spring-web/2.8.0/springfox-spring-web-2.8.0.jar:/home/workshop/.m2/repository/org/reflections/reflections/0.9.11/reflections-0.9.11.jar:/home/workshop/.m2/repository/org/javassist/javassist/3.21.0-GA/javassist-3.21.0-GA.jar:/home/workshop/.m2/repository/com/google/guava/guava/20.0/guava-20.0.jar:/home/workshop/.m2/repository/com/fasterxml/classmate/1.3.4/classmate-1.3.4.jar:/home/workshop/.m2/repository/org/slf4j/slf4j-api/1.7.25/slf4j-api-1.7.25.jar:/home/workshop/.m2/repository/org/springframework/plugin/spring-plugin-core/1.2.0.RELEASE/spring-plugin-core-1.2.0.RELEASE.jar:/home/workshop/.m2/repository/org/springframework/plugin/spring-plugin-metadata/1.2.0.RELEASE/spring-plugin-metadata-1.2.0.RELEASE.jar:/home/workshop/.m2/repository/org/mapstruct/mapstruct/1.2.0.Final/mapstruct-1.2.0.Final.jar:/home/workshop/.m2/repository/io/springfox/springfox-swagger-ui/2.8.0/springfox-swagger-ui-2.8.0.jar:/home/workshop/.m2/repository/org/springframework/boot/spring-boot-starter-security/1.5.16.RELEASE/spring-boot-starter-security-1.5.16.RELEASE.jar:/home/workshop/.m2/repository/org/springframework/spring-aop/4.3.19.RELEASE/spring-aop-4.3.19.RELEASE.jar:/home/workshop/.m2/repository/org/springframework/security/spring-security-config/4.2.8.RELEASE/spring-security-config-4.2.8.RELEASE.jar:/home/workshop/.m2/repository/org/springframework/security/spring-security-core/4.2.8.RELEASE/spring-security-core-4.2.8.RELEASE.jar:/home/workshop/.m2/repository/org/springframework/security/spring-security-web/4.2.8.RELEASE/spring-security-web-4.2.8.RELEASE.jar:, java.specification.name=Java Platform API Specification, java.class.version=52.0, sun.management.compiler=HotSpot 64-Bit Tiered Compilers, os.version=4.15.0-36-generic, user.home=/home/workshop, user.timezone=America/Sao_Paulo, java.awt.printerjob=sun.print.PSPrinterJob, file.encoding=UTF-8, java.specification.version=1.8, java.class.path=/home/workshop/eclipse-workspace/conta-corrente/target/test-classes:/home/workshop/eclipse-workspace/conta-corrente/target/classes:/home/workshop/.m2/repository/org/springframework/boot/spring-boot-starter-web/1.5.16.RELEASE/spring-boot-starter-web-1.5.16.RELEASE.jar:/home/workshop/.m2/repository/org/springframework/boot/spring-boot-starter/1.5.16.RELEASE/spring-boot-starter-1.5.16.RELEASE.jar:/home/workshop/.m2/repository/org/springframework/boot/spring-boot/1.5.16.RELEASE/spring-boot-1.5.16.RELEASE.jar:/home/workshop/.m2/repository/org/springframework/boot/spring-boot-autoconfigure/1.5.16.RELEASE/spring-boot-autoconfigure-1.5.16.RELEASE.jar:/home/workshop/.m2/repository/org/springframework/boot/spring-boot-starter-logging/1.5.16.RELEASE/spring-boot-starter-logging-1.5.16.RELEASE.jar:/home/workshop/.m2/repository/ch/qos/logback/logback-classic/1.1.11/logback-classic-1.1.11.jar:/home/workshop/.m2/repository/ch/qos/logback/logback-core/1.1.11/logback-core-1.1.11.jar:/home/workshop/.m2/repository/org/slf4j/jul-to-slf4j/1.7.25/jul-to-slf4j-1.7.25.jar:/home/workshop/.m2/repository/org/slf4j/log4j-over-slf4j/1.7.25/log4j-over-slf4j-1.7.25.jar:/home/workshop/.m2/repository/org/yaml/snakeyaml/1.17/snakeyaml-1.17.jar:/home/workshop/.m2/repository/org/springframework/boot/spring-boot-starter-tomcat/1.5.16.RELEASE/spring-boot-starter-tomcat-1.5.16.RELEASE.jar:/home/workshop/.m2/repository/org/apache/tomcat/embed/tomcat-embed-core/8.5.34/tomcat-embed-core-8.5.34.jar:/home/workshop/.m2/repository/org/apache/tomcat/tomcat-annotations-api/8.5.34/tomcat-annotations-api-8.5.34.jar:/home/workshop/.m2/repository/org/apache/tomcat/embed/tomcat-embed-el/8.5.34/tomcat-embed-el-8.5.34.jar:/home/workshop/.m2/repository/org/apache/tomcat/embed/tomcat-embed-websocket/8.5.34/tomcat-embed-websocket-8.5.34.jar:/home/workshop/.m2/repository/org/hibernate/hibernate-validator/5.3.6.Final/hibernate-validator-5.3.6.Final.jar:/home/workshop/.m2/repository/javax/validation/validation-api/1.1.0.Final/validation-api-1.1.0.Final.jar:/home/workshop/.m2/repository/org/jboss/logging/jboss-logging/3.3.2.Final/jboss-logging-3.3.2.Final.jar:/home/workshop/.m2/repository/com/fasterxml/jackson/core/jackson-databind/2.8.11.2/jackson-databind-2.8.11.2.jar:/home/workshop/.m2/repository/com/fasterxml/jackson/core/jackson-annotations/2.8.0/jackson-annotations-2.8.0.jar:/home/workshop/.m2/repository/com/fasterxml/jackson/core/jackson-core/2.8.11/jackson-core-2.8.11.jar:/home/workshop/.m2/repository/org/springframework/spring-web/4.3.19.RELEASE/spring-web-4.3.19.RELEASE.jar:/home/workshop/.m2/repository/org/springframework/spring-beans/4.3.19.RELEASE/spring-beans-4.3.19.RELEASE.jar:/home/workshop/.m2/repository/org/springframework/spring-context/4.3.19.RELEASE/spring-context-4.3.19.RELEASE.jar:/home/workshop/.m2/repository/org/springframework/spring-webmvc/4.3.19.RELEASE/spring-webmvc-4.3.19.RELEASE.jar:/home/workshop/.m2/repository/org/springframework/spring-expression/4.3.19.RELEASE/spring-expression-4.3.19.RELEASE.jar:/home/workshop/.m2/repository/org/springframework/boot/spring-boot-starter-test/1.5.16.RELEASE/spring-boot-starter-test-1.5.16.RELEASE.jar:/home/workshop/.m2/repository/org/springframework/boot/spring-boot-test/1.5.16.RELEASE/spring-boot-test-1.5.16.RELEASE.jar:/home/workshop/.m2/repository/org/springframework/boot/spring-boot-test-autoconfigure/1.5.16.RELEASE/spring-boot-test-autoconfigure-1.5.16.RELEASE.jar:/home/workshop/.m2/repository/com/jayway/jsonpath/json-path/2.2.0/json-path-2.2.0.jar:/home/workshop/.m2/repository/net/minidev/json-smart/2.2.1/json-smart-2.2.1.jar:/home/workshop/.m2/repository/net/minidev/accessors-smart/1.1/accessors-smart-1.1.jar:/home/workshop/.m2/repository/org/ow2/asm/asm/5.0.3/asm-5.0.3.jar:/home/workshop/.m2/repository/junit/junit/4.12/junit-4.12.jar:/home/workshop/.m2/repository/org/assertj/assertj-core/2.6.0/assertj-core-2.6.0.jar:/home/workshop/.m2/repository/org/mockito/mockito-core/1.10.19/mockito-core-1.10.19.jar:/home/workshop/.m2/repository/org/objenesis/objenesis/2.1/objenesis-2.1.jar:/home/workshop/.m2/repository/org/hamcrest/hamcrest-core/1.3/hamcrest-core-1.3.jar:/home/workshop/.m2/repository/org/hamcrest/hamcrest-library/1.3/hamcrest-library-1.3.jar:/home/workshop/.m2/repository/org/skyscreamer/jsonassert/1.4.0/jsonassert-1.4.0.jar:/home/workshop/.m2/repository/com/vaadin/external/google/android-json/0.0.20131108.vaadin1/android-json-0.0.20131108.vaadin1.jar:/home/workshop/.m2/repository/org/springframework/spring-core/4.3.19.RELEASE/spring-core-4.3.19.RELEASE.jar:/home/workshop/.m2/repository/org/springframework/spring-test/4.3.19.RELEASE/spring-test-4.3.19.RELEASE.jar:/home/workshop/.m2/repository/org/springframework/boot/spring-boot-starter-data-mongodb/1.5.16.RELEASE/spring-boot-starter-data-mongodb-1.5.16.RELEASE.jar:/home/workshop/.m2/repository/org/mongodb/mongodb-driver/3.4.3/mongodb-driver-3.4.3.jar:/home/workshop/.m2/repository/org/mongodb/mongodb-driver-core/3.4.3/mongodb-driver-core-3.4.3.jar:/home/workshop/.m2/repository/org/mongodb/bson/3.4.3/bson-3.4.3.jar:/home/workshop/.m2/repository/org/springframework/data/spring-data-mongodb/1.10.15.RELEASE/spring-data-mongodb-1.10.15.RELEASE.jar:/home/workshop/.m2/repository/org/springframework/spring-tx/4.3.19.RELEASE/spring-tx-4.3.19.RELEASE.jar:/home/workshop/.m2/repository/org/springframework/data/spring-data-commons/1.13.15.RELEASE/spring-data-commons-1.13.15.RELEASE.jar:/home/workshop/.m2/repository/org/slf4j/jcl-over-slf4j/1.7.25/jcl-over-slf4j-1.7.25.jar:/home/workshop/.m2/repository/io/springfox/springfox-swagger2/2.8.0/springfox-swagger2-2.8.0.jar:/home/workshop/.m2/repository/io/swagger/swagger-annotations/1.5.14/swagger-annotations-1.5.14.jar:/home/workshop/.m2/repository/io/swagger/swagger-models/1.5.14/swagger-models-1.5.14.jar:/home/workshop/.m2/repository/io/springfox/springfox-spi/2.8.0/springfox-spi-2.8.0.jar:/home/workshop/.m2/repository/io/springfox/springfox-core/2.8.0/springfox-core-2.8.0.jar:/home/workshop/.m2/repository/net/bytebuddy/byte-buddy/1.7.9/byte-buddy-1.7.9.jar:/home/workshop/.m2/repository/io/springfox/springfox-schema/2.8.0/springfox-schema-2.8.0.jar:/home/workshop/.m2/repository/io/springfox/springfox-swagger-common/2.8.0/springfox-swagger-common-2.8.0.jar:/home/workshop/.m2/repository/io/springfox/springfox-spring-web/2.8.0/springfox-spring-web-2.8.0.jar:/home/workshop/.m2/repository/org/reflections/reflections/0.9.11/reflections-0.9.11.jar:/home/workshop/.m2/repository/org/javassist/javassist/3.21.0-GA/javassist-3.21.0-GA.jar:/home/workshop/.m2/repository/com/google/guava/guava/20.0/guava-20.0.jar:/home/workshop/.m2/repository/com/fasterxml/classmate/1.3.4/classmate-1.3.4.jar:/home/workshop/.m2/repository/org/slf4j/slf4j-api/1.7.25/slf4j-api-1.7.25.jar:/home/workshop/.m2/repository/org/springframework/plugin/spring-plugin-core/1.2.0.RELEASE/spring-plugin-core-1.2.0.RELEASE.jar:/home/workshop/.m2/repository/org/springframework/plugin/spring-plugin-metadata/1.2.0.RELEASE/spring-plugin-metadata-1.2.0.RELEASE.jar:/home/workshop/.m2/repository/org/mapstruct/mapstruct/1.2.0.Final/mapstruct-1.2.0.Final.jar:/home/workshop/.m2/repository/io/springfox/springfox-swagger-ui/2.8.0/springfox-swagger-ui-2.8.0.jar:/home/workshop/.m2/repository/org/springframework/boot/spring-boot-starter-security/1.5.16.RELEASE/spring-boot-starter-security-1.5.16.RELEASE.jar:/home/workshop/.m2/repository/org/springframework/spring-aop/4.3.19.RELEASE/spring-aop-4.3.19.RELEASE.jar:/home/workshop/.m2/repository/org/springframework/security/spring-security-config/4.2.8.RELEASE/spring-security-config-4.2.8.RELEASE.jar:/home/workshop/.m2/repository/org/springframework/security/spring-security-core/4.2.8.RELEASE/spring-security-core-4.2.8.RELEASE.jar:/home/workshop/.m2/repository/org/springframework/security/spring-security-web/4.2.8.RELEASE/spring-security-web-4.2.8.RELEASE.jar:, user.name=workshop, java.vm.specification.version=1.8, sun.java.command=/home/workshop/eclipse-workspace/conta-corrente/target/surefire/surefirebooter5293801651747492315.jar /home/workshop/eclipse-workspace/conta-corrente/target/surefire/surefire4754302700611933703tmp /home/workshop/eclipse-workspace/conta-corrente/target/surefire/surefire_01787856156449520283tmp, java.home=/usr/lib/jvm/java-8-openjdk-amd64/jre, sun.arch.data.model=64, user.language=pt, java.specification.vendor=Oracle Corporation, awt.toolkit=sun.awt.X11.XToolkit, java.vm.info=mixed mode, java.version=1.8.0_181, java.ext.dirs=/usr/lib/jvm/java-8-openjdk-amd64/jre/lib/ext:/usr/java/packages/lib/ext, sun.boot.class.path=/usr/lib/jvm/java-8-openjdk-amd64/jre/lib/resources.jar:/usr/lib/jvm/java-8-openjdk-amd64/jre/lib/rt.jar:/usr/lib/jvm/java-8-openjdk-amd64/jre/lib/sunrsasign.jar:/usr/lib/jvm/java-8-openjdk-amd64/jre/lib/jsse.jar:/usr/lib/jvm/java-8-openjdk-amd64/jre/lib/jce.jar:/usr/lib/jvm/java-8-openjdk-amd64/jre/lib/charsets.jar:/usr/lib/jvm/java-8-openjdk-amd64/jre/lib/jfr.jar:/usr/lib/jvm/java-8-openjdk-amd64/jre/classes, java.vendor=Oracle Corporation, localRepository=/home/workshop/.m2/repository, file.separator=/, java.vendor.url.bug=http://bugreport.sun.com/bugreport/, sun.io.unicode.encoding=UnicodeLittle, sun.cpu.endian=little, sun.cpu.isalist=}}, SystemEnvironmentPropertySource@626742236 {name='systemEnvironment', properties={PATH=/home/workshop/bin:/home/workshop/.local/bin:/usr/local/sbin:/usr/local/bin:/usr/sbin:/usr/bin:/sbin:/bin:/usr/games:/usr/local/games, XAUTHORITY=/home/workshop/.Xauthority, QT_PLATFORM_PLUGIN=lxqt, OXYGEN_DISABLE_INNER_SHADOWS_HACK=1, _LXSESSION_PID=903, XDG_DATA_DIRS=/etc/xdg/lubuntu:/usr/local/share:/usr/share:/usr/share/gdm:/var/lib/menu-xdg:/usr/share/Lubuntu:/usr/local/share/:/usr/share/, GDMSESSION=Lubuntu, MANDATORY_PATH=/usr/share/gconf/Lubuntu.mandatory.path, XDG_CONFIG_DIRS=/etc/xdg/lubuntu:/etc/xdg/xdg-Lubuntu:/etc/xdg, LANG=pt_BR.UTF-8, DBUS_SESSION_BUS_ADDRESS=unix:abstract=/tmp/dbus-0pSku2YxTU,guid=294a394def191fa0a05a6ce55bc65dba, XDG_SEAT_PATH=/org/freedesktop/DisplayManager/Seat0, XDG_SESSION_ID=c1, XDG_SESSION_TYPE=x11, DEFAULTS_PATH=/usr/share/gconf/Lubuntu.default.path, XDG_CURRENT_DESKTOP=LXDE, DISPLAY=:0, SSH_AGENT_PID=1014, LOGNAME=workshop, PWD=/home/workshop/eclipse-workspace/conta-corrente, LANGUAGE=pt_BR:, SHELL=/bin/bash, GDM_LANG=pt_BR, XDG_GREETER_DATA_DIR=/var/lib/lightdm-data/workshop, LIBOVERLAY_SCROLLBAR=0, GDK_CORE_DEVICE_EVENTS=1, DESKTOP_SESSION=Lubuntu, OLDPWD=/home/workshop/eclipse-workspace/conta-corrente, USER=workshop, XDG_CONFIG_HOME=/home/workshop/.config, XDG_MENU_PREFIX=lxde-, SSH_AUTH_SOCK=/tmp/ssh-xjg0O0awxrkZ/agent.903, XDG_SEAT=seat0, XDG_SESSION_PATH=/org/freedesktop/DisplayManager/Session0, SAL_USE_VCLPLUGIN=gtk, QT_QPA_PLATFORMTHEME=lxqt, XDG_VTNR=7, XDG_SESSION_DESKTOP=Lubuntu, XDG_RUNTIME_DIR=/run/user/1000, HOME=/home/workshop, SHLVL=0}}]
19:18:10.907 [main] INFO org.springframework.boot.test.context.SpringBootTestContextBootstrapper - Found @SpringBootConfiguration br.com.workshop.contacorrente.ContaCorrenteApplication for test class br.com.workshop.contacorrente.ContaCorrenteApplicationTests
19:18:10.934 [main] DEBUG org.springframework.boot.test.context.SpringBootTestContextBootstrapper - @TestExecutionListeners is not present for class [br.com.workshop.contacorrente.ContaCorrenteApplicationTests]: using defaults.
[...]
2018-10-17 19:18:20.688  INFO 9349 --- [           main] s.w.s.m.m.a.RequestMappingHandlerAdapter : Looking for @ControllerAdvice: org.springframework.web.context.support.GenericWebApplicationContext@28261e8e: startup date [Wed Oct 17 19:18:12 BRT 2018]; root of context hierarchy
2018-10-17 19:18:20.839  INFO 9349 --- [           main] o.s.w.s.handler.SimpleUrlHandlerMapping  : Mapped URL path [/webjars/**] onto handler of type [class org.springframework.web.servlet.resource.ResourceHttpRequestHandler]
2018-10-17 19:18:20.842  INFO 9349 --- [           main] o.s.w.s.handler.SimpleUrlHandlerMapping  : Mapped URL path [/**] onto handler of type [class org.springframework.web.servlet.resource.ResourceHttpRequestHandler]
2018-10-17 19:18:20.941  INFO 9349 --- [           main] o.s.w.s.handler.SimpleUrlHandlerMapping  : Mapped URL path [/**/favicon.ico] onto handler of type [class org.springframework.web.servlet.resource.ResourceHttpRequestHandler]
2018-10-17 19:18:21.125 ERROR 9349 --- [           main] o.s.b.b.PropertiesConfigurationFactory   : Properties configuration failed validation
2018-10-17 19:18:21.128 ERROR 9349 --- [           main] o.s.b.b.PropertiesConfigurationFactory   : Field error in object 'security' on field 'basic': rejected value [enabled:true]; codes [typeMismatch.security.basic,typeMismatch.basic,typeMismatch.org.springframework.boot.autoconfigure.security.SecurityProperties$Basic,typeMismatch]; arguments [org.springframework.context.support.DefaultMessageSourceResolvable: codes [security.basic,basic]; arguments []; default message [basic]]; default message [Failed to convert property value of type 'java.lang.String' to required type 'org.springframework.boot.autoconfigure.security.SecurityProperties$Basic' for property 'basic'; nested exception is java.lang.IllegalStateException: Cannot convert value of type 'java.lang.String' to required type 'org.springframework.boot.autoconfigure.security.SecurityProperties$Basic' for property 'basic': no matching editors or conversion strategy found]
2018-10-17 19:18:21.130  WARN 9349 --- [           main] o.s.w.c.s.GenericWebApplicationContext   : Exception encountered during context initialization - cancelling refresh attempt: org.springframework.beans.factory.UnsatisfiedDependencyException: Error creating bean with name 'org.springframework.boot.autoconfigure.security.SpringBootWebSecurityConfiguration$ApplicationWebSecurityConfigurerAdapter': Unsatisfied dependency expressed through constructor parameter 0; nested exception is org.springframework.beans.factory.BeanCreationException: Error creating bean with name 'securityProperties': Could not bind properties to SecurityProperties (prefix=security, ignoreInvalidFields=false, ignoreUnknownFields=true, ignoreNestedProperties=false); nested exception is org.springframework.validation.BindException: org.springframework.boot.bind.RelaxedDataBinder$RelaxedBeanPropertyBindingResult: 1 errors
Field error in object 'security' on field 'basic': rejected value [enabled:true]; codes [typeMismatch.security.basic,typeMismatch.basic,typeMismatch.org.springframework.boot.autoconfigure.security.SecurityProperties$Basic,typeMismatch]; arguments [org.springframework.context.support.DefaultMessageSourceResolvable: codes [security.basic,basic]; arguments []; default message [basic]]; default message [Failed to convert property value of type 'java.lang.String' to required type 'org.springframework.boot.autoconfigure.security.SecurityProperties$Basic' for property 'basic'; nested exception is java.lang.IllegalStateException: Cannot convert value of type 'java.lang.String' to required type 'org.springframework.boot.autoconfigure.security.SecurityProperties$Basic' for property 'basic': no matching editors or conversion strategy found]
2018-10-17 19:18:21.162  INFO 9349 --- [           main] utoConfigurationReportLoggingInitializer : 

Error starting ApplicationContext. To display the auto-configuration report re-run your application with 'debug' enabled.
2018-10-17 19:18:21.174 ERROR 9349 --- [           main] o.s.b.d.LoggingFailureAnalysisReporter   : 

***************************
APPLICATION FAILED TO START
***************************

Description:

Binding to target org.springframework.boot.autoconfigure.security.SecurityProperties@76536c53 failed:

    Property: security.basic
    Value: enabled:true
    Reason: Failed to convert property value of type 'java.lang.String' to required type 'org.springframework.boot.autoconfigure.security.SecurityProperties$Basic' for property 'basic'; nested exception is java.lang.IllegalStateException: Cannot convert value of type 'java.lang.String' to required type 'org.springframework.boot.autoconfigure.security.SecurityProperties$Basic' for property 'basic': no matching editors or conversion strategy found


Action:

Update your application's configuration

2018-10-17 19:18:21.215 ERROR 9349 --- [           main] o.s.test.context.TestContextManager      : Caught exception while allowing TestExecutionListener [org.springframework.test.context.web.ServletTestExecutionListener@75f9eccc] to prepare test instance [br.com.workshop.contacorrente.ContaCorrenteApplicationTests@4733f6f5]

java.lang.IllegalStateException: Failed to load ApplicationContext
	at org.springframework.test.context.cache.DefaultCacheAwareContextLoaderDelegate.loadContext(DefaultCacheAwareContextLoaderDelegate.java:124) ~[spring-test-4.3.19.RELEASE.jar:4.3.19.RELEASE]
	at org.springframework.test.context.support.DefaultTestContext.getApplicationContext(DefaultTestContext.java:83) ~[spring-test-4.3.19.RELEASE.jar:4.3.19.RELEASE]
	at org.springframework.test.context.web.ServletTestExecutionListener.setUpRequestContextIfNecessary(ServletTestExecutionListener.java:189) ~[spring-test-4.3.19.RELEASE.jar:4.3.19.RELEASE]
	at org.springframework.test.context.web.ServletTestExecutionListener.prepareTestInstance(ServletTestExecutionListener.java:131) ~[spring-test-4.3.19.RELEASE.jar:4.3.19.RELEASE]
	at org.springframework.test.context.TestContextManager.prepareTestInstance(TestContextManager.java:230) ~[spring-test-4.3.19.RELEASE.jar:4.3.19.RELEASE]
	at org.springframework.test.context.junit4.SpringJUnit4ClassRunner.createTest(SpringJUnit4ClassRunner.java:228) [spring-test-4.3.19.RELEASE.jar:4.3.19.RELEASE]
	at org.springframework.test.context.junit4.SpringJUnit4ClassRunner$1.runReflectiveCall(SpringJUnit4ClassRunner.java:287) [spring-test-4.3.19.RELEASE.jar:4.3.19.RELEASE]
	at org.junit.internal.runners.model.ReflectiveCallable.run(ReflectiveCallable.java:12) [junit-4.12.jar:4.12]
	at org.springframework.test.context.junit4.SpringJUnit4ClassRunner.methodBlock(SpringJUnit4ClassRunner.java:289) [spring-test-4.3.19.RELEASE.jar:4.3.19.RELEASE]
	at org.springframework.test.context.junit4.SpringJUnit4ClassRunner.runChild(SpringJUnit4ClassRunner.java:247) [spring-test-4.3.19.RELEASE.jar:4.3.19.RELEASE]
	at org.springframework.test.context.junit4.SpringJUnit4ClassRunner.runChild(SpringJUnit4ClassRunner.java:94) [spring-test-4.3.19.RELEASE.jar:4.3.19.RELEASE]
	at org.junit.runners.ParentRunner$3.run(ParentRunner.java:290) [junit-4.12.jar:4.12]
	at org.junit.runners.ParentRunner$1.schedule(ParentRunner.java:71) [junit-4.12.jar:4.12]
	at org.junit.runners.ParentRunner.runChildren(ParentRunner.java:288) [junit-4.12.jar:4.12]
	at org.junit.runners.ParentRunner.access$000(ParentRunner.java:58) [junit-4.12.jar:4.12]
	at org.junit.runners.ParentRunner$2.evaluate(ParentRunner.java:268) [junit-4.12.jar:4.12]
	at org.springframework.test.context.junit4.statements.RunBeforeTestClassCallbacks.evaluate(RunBeforeTestClassCallbacks.java:61) [spring-test-4.3.19.RELEASE.jar:4.3.19.RELEASE]
	at org.springframework.test.context.junit4.statements.RunAfterTestClassCallbacks.evaluate(RunAfterTestClassCallbacks.java:70) [spring-test-4.3.19.RELEASE.jar:4.3.19.RELEASE]
	at org.junit.runners.ParentRunner.run(ParentRunner.java:363) [junit-4.12.jar:4.12]
	at org.springframework.test.context.junit4.SpringJUnit4ClassRunner.run(SpringJUnit4ClassRunner.java:191) [spring-test-4.3.19.RELEASE.jar:4.3.19.RELEASE]
	at org.apache.maven.surefire.junit4.JUnit4Provider.execute(JUnit4Provider.java:283) [surefire-junit4-2.18.1.jar:2.18.1]
	at org.apache.maven.surefire.junit4.JUnit4Provider.executeWithRerun(JUnit4Provider.java:173) [surefire-junit4-2.18.1.jar:2.18.1]
	at org.apache.maven.surefire.junit4.JUnit4Provider.executeTestSet(JUnit4Provider.java:153) [surefire-junit4-2.18.1.jar:2.18.1]
	at org.apache.maven.surefire.junit4.JUnit4Provider.invoke(JUnit4Provider.java:128) [surefire-junit4-2.18.1.jar:2.18.1]
	at org.apache.maven.surefire.booter.ForkedBooter.invokeProviderInSameClassLoader(ForkedBooter.java:203) [surefire-booter-2.18.1.jar:2.18.1]
	at org.apache.maven.surefire.booter.ForkedBooter.runSuitesInProcess(ForkedBooter.java:155) [surefire-booter-2.18.1.jar:2.18.1]
	at org.apache.maven.surefire.booter.ForkedBooter.main(ForkedBooter.java:103) [surefire-booter-2.18.1.jar:2.18.1]
Caused by: org.springframework.beans.factory.UnsatisfiedDependencyException: Error creating bean with name 'org.springframework.boot.autoconfigure.security.SpringBootWebSecurityConfiguration$ApplicationWebSecurityConfigurerAdapter': Unsatisfied dependency expressed through constructor parameter 0; nested exception is org.springframework.beans.factory.BeanCreationException: Error creating bean with name 'securityProperties': Could not bind properties to SecurityProperties (prefix=security, ignoreInvalidFields=false, ignoreUnknownFields=true, ignoreNestedProperties=false); nested exception is org.springframework.validation.BindException: org.springframework.boot.bind.RelaxedDataBinder$RelaxedBeanPropertyBindingResult: 1 errors
Field error in object 'security' on field 'basic': rejected value [enabled:true]; codes [typeMismatch.security.basic,typeMismatch.basic,typeMismatch.org.springframework.boot.autoconfigure.security.SecurityProperties$Basic,typeMismatch]; arguments [org.springframework.context.support.DefaultMessageSourceResolvable: codes [security.basic,basic]; arguments []; default message [basic]]; default message [Failed to convert property value of type 'java.lang.String' to required type 'org.springframework.boot.autoconfigure.security.SecurityProperties$Basic' for property 'basic'; nested exception is java.lang.IllegalStateException: Cannot convert value of type 'java.lang.String' to required type 'org.springframework.boot.autoconfigure.security.SecurityProperties$Basic' for property 'basic': no matching editors or conversion strategy found]
	at org.springframework.beans.factory.support.ConstructorResolver.createArgumentArray(ConstructorResolver.java:749) ~[spring-beans-4.3.19.RELEASE.jar:4.3.19.RELEASE]
	at org.springframework.beans.factory.support.ConstructorResolver.autowireConstructor(ConstructorResolver.java:189) ~[spring-beans-4.3.19.RELEASE.jar:4.3.19.RELEASE]
	at org.springframework.beans.factory.support.AbstractAutowireCapableBeanFactory.autowireConstructor(AbstractAutowireCapableBeanFactory.java:1198) ~[spring-beans-4.3.19.RELEASE.jar:4.3.19.RELEASE]
	at org.springframework.beans.factory.support.AbstractAutowireCapableBeanFactory.createBeanInstance(AbstractAutowireCapableBeanFactory.java:1100) ~[spring-beans-4.3.19.RELEASE.jar:4.3.19.RELEASE]
	at org.springframework.beans.factory.support.AbstractAutowireCapableBeanFactory.doCreateBean(AbstractAutowireCapableBeanFactory.java:511) ~[spring-beans-4.3.19.RELEASE.jar:4.3.19.RELEASE]
	at org.springframework.beans.factory.support.AbstractAutowireCapableBeanFactory.createBean(AbstractAutowireCapableBeanFactory.java:481) ~[spring-beans-4.3.19.RELEASE.jar:4.3.19.RELEASE]
	at org.springframework.beans.factory.support.AbstractBeanFactory$1.getObject(AbstractBeanFactory.java:312) ~[spring-beans-4.3.19.RELEASE.jar:4.3.19.RELEASE]
	at org.springframework.beans.factory.support.DefaultSingletonBeanRegistry.getSingleton(DefaultSingletonBeanRegistry.java:230) ~[spring-beans-4.3.19.RELEASE.jar:4.3.19.RELEASE]
	at org.springframework.beans.factory.support.AbstractBeanFactory.doGetBean(AbstractBeanFactory.java:308) ~[spring-beans-4.3.19.RELEASE.jar:4.3.19.RELEASE]
	at org.springframework.beans.factory.support.AbstractBeanFactory.getBean(AbstractBeanFactory.java:197) ~[spring-beans-4.3.19.RELEASE.jar:4.3.19.RELEASE]
	at org.springframework.beans.factory.support.DefaultListableBeanFactory.preInstantiateSingletons(DefaultListableBeanFactory.java:761) ~[spring-beans-4.3.19.RELEASE.jar:4.3.19.RELEASE]
	at org.springframework.context.support.AbstractApplicationContext.finishBeanFactoryInitialization(AbstractApplicationContext.java:867) ~[spring-context-4.3.19.RELEASE.jar:4.3.19.RELEASE]
	at org.springframework.context.support.AbstractApplicationContext.refresh(AbstractApplicationContext.java:543) ~[spring-context-4.3.19.RELEASE.jar:4.3.19.RELEASE]
	at org.springframework.boot.SpringApplication.refresh(SpringApplication.java:693) ~[spring-boot-1.5.16.RELEASE.jar:1.5.16.RELEASE]
	at org.springframework.boot.SpringApplication.refreshContext(SpringApplication.java:360) ~[spring-boot-1.5.16.RELEASE.jar:1.5.16.RELEASE]
	at org.springframework.boot.SpringApplication.run(SpringApplication.java:303) ~[spring-boot-1.5.16.RELEASE.jar:1.5.16.RELEASE]
	at org.springframework.boot.test.context.SpringBootContextLoader.loadContext(SpringBootContextLoader.java:121) ~[spring-boot-test-1.5.16.RELEASE.jar:1.5.16.RELEASE]
	at org.springframework.test.context.cache.DefaultCacheAwareContextLoaderDelegate.loadContextInternal(DefaultCacheAwareContextLoaderDelegate.java:98) ~[spring-test-4.3.19.RELEASE.jar:4.3.19.RELEASE]
	at org.springframework.test.context.cache.DefaultCacheAwareContextLoaderDelegate.loadContext(DefaultCacheAwareContextLoaderDelegate.java:116) ~[spring-test-4.3.19.RELEASE.jar:4.3.19.RELEASE]
	... 26 common frames omitted
Caused by: org.springframework.beans.factory.BeanCreationException: Error creating bean with name 'securityProperties': Could not bind properties to SecurityProperties (prefix=security, ignoreInvalidFields=false, ignoreUnknownFields=true, ignoreNestedProperties=false); nested exception is org.springframework.validation.BindException: org.springframework.boot.bind.RelaxedDataBinder$RelaxedBeanPropertyBindingResult: 1 errors
Field error in object 'security' on field 'basic': rejected value [enabled:true]; codes [typeMismatch.security.basic,typeMismatch.basic,typeMismatch.org.springframework.boot.autoconfigure.security.SecurityProperties$Basic,typeMismatch]; arguments [org.springframework.context.support.DefaultMessageSourceResolvable: codes [security.basic,basic]; arguments []; default message [basic]]; default message [Failed to convert property value of type 'java.lang.String' to required type 'org.springframework.boot.autoconfigure.security.SecurityProperties$Basic' for property 'basic'; nested exception is java.lang.IllegalStateException: Cannot convert value of type 'java.lang.String' to required type 'org.springframework.boot.autoconfigure.security.SecurityProperties$Basic' for property 'basic': no matching editors or conversion strategy found]
	at org.springframework.boot.context.properties.ConfigurationPropertiesBindingPostProcessor.postProcessBeforeInitialization(ConfigurationPropertiesBindingPostProcessor.java:336) ~[spring-boot-1.5.16.RELEASE.jar:1.5.16.RELEASE]
	at org.springframework.boot.context.properties.ConfigurationPropertiesBindingPostProcessor.postProcessBeforeInitialization(ConfigurationPropertiesBindingPostProcessor.java:292) ~[spring-boot-1.5.16.RELEASE.jar:1.5.16.RELEASE]
	at org.springframework.beans.factory.support.AbstractAutowireCapableBeanFactory.applyBeanPostProcessorsBeforeInitialization(AbstractAutowireCapableBeanFactory.java:407) ~[spring-beans-4.3.19.RELEASE.jar:4.3.19.RELEASE]
	at org.springframework.beans.factory.support.AbstractAutowireCapableBeanFactory.initializeBean(AbstractAutowireCapableBeanFactory.java:1623) ~[spring-beans-4.3.19.RELEASE.jar:4.3.19.RELEASE]
	at org.springframework.beans.factory.support.AbstractAutowireCapableBeanFactory.doCreateBean(AbstractAutowireCapableBeanFactory.java:553) ~[spring-beans-4.3.19.RELEASE.jar:4.3.19.RELEASE]
	at org.springframework.beans.factory.support.AbstractAutowireCapableBeanFactory.createBean(AbstractAutowireCapableBeanFactory.java:481) ~[spring-beans-4.3.19.RELEASE.jar:4.3.19.RELEASE]
	at org.springframework.beans.factory.support.AbstractBeanFactory$1.getObject(AbstractBeanFactory.java:312) ~[spring-beans-4.3.19.RELEASE.jar:4.3.19.RELEASE]
	at org.springframework.beans.factory.support.DefaultSingletonBeanRegistry.getSingleton(DefaultSingletonBeanRegistry.java:230) ~[spring-beans-4.3.19.RELEASE.jar:4.3.19.RELEASE]
	at org.springframework.beans.factory.support.AbstractBeanFactory.doGetBean(AbstractBeanFactory.java:308) ~[spring-beans-4.3.19.RELEASE.jar:4.3.19.RELEASE]
	at org.springframework.beans.factory.support.AbstractBeanFactory.getBean(AbstractBeanFactory.java:202) ~[spring-beans-4.3.19.RELEASE.jar:4.3.19.RELEASE]
	at org.springframework.beans.factory.config.DependencyDescriptor.resolveCandidate(DependencyDescriptor.java:208) ~[spring-beans-4.3.19.RELEASE.jar:4.3.19.RELEASE]
	at org.springframework.beans.factory.support.DefaultListableBeanFactory.doResolveDependency(DefaultListableBeanFactory.java:1136) ~[spring-beans-4.3.19.RELEASE.jar:4.3.19.RELEASE]
	at org.springframework.beans.factory.support.DefaultListableBeanFactory.resolveDependency(DefaultListableBeanFactory.java:1064) ~[spring-beans-4.3.19.RELEASE.jar:4.3.19.RELEASE]
	at org.springframework.beans.factory.support.ConstructorResolver.resolveAutowiredArgument(ConstructorResolver.java:835) ~[spring-beans-4.3.19.RELEASE.jar:4.3.19.RELEASE]
	at org.springframework.beans.factory.support.ConstructorResolver.createArgumentArray(ConstructorResolver.java:741) ~[spring-beans-4.3.19.RELEASE.jar:4.3.19.RELEASE]
	... 44 common frames omitted
Caused by: org.springframework.validation.BindException: org.springframework.boot.bind.RelaxedDataBinder$RelaxedBeanPropertyBindingResult: 1 errors
Field error in object 'security' on field 'basic': rejected value [enabled:true]; codes [typeMismatch.security.basic,typeMismatch.basic,typeMismatch.org.springframework.boot.autoconfigure.security.SecurityProperties$Basic,typeMismatch]; arguments [org.springframework.context.support.DefaultMessageSourceResolvable: codes [security.basic,basic]; arguments []; default message [basic]]; default message [Failed to convert property value of type 'java.lang.String' to required type 'org.springframework.boot.autoconfigure.security.SecurityProperties$Basic' for property 'basic'; nested exception is java.lang.IllegalStateException: Cannot convert value of type 'java.lang.String' to required type 'org.springframework.boot.autoconfigure.security.SecurityProperties$Basic' for property 'basic': no matching editors or conversion strategy found]
	at org.springframework.boot.bind.PropertiesConfigurationFactory.checkForBindingErrors(PropertiesConfigurationFactory.java:374) ~[spring-boot-1.5.16.RELEASE.jar:1.5.16.RELEASE]
	at org.springframework.boot.bind.PropertiesConfigurationFactory.doBindPropertiesToTarget(PropertiesConfigurationFactory.java:291) ~[spring-boot-1.5.16.RELEASE.jar:1.5.16.RELEASE]
	at org.springframework.boot.bind.PropertiesConfigurationFactory.bindPropertiesToTarget(PropertiesConfigurationFactory.java:250) ~[spring-boot-1.5.16.RELEASE.jar:1.5.16.RELEASE]
	at org.springframework.boot.context.properties.ConfigurationPropertiesBindingPostProcessor.postProcessBeforeInitialization(ConfigurationPropertiesBindingPostProcessor.java:331) ~[spring-boot-1.5.16.RELEASE.jar:1.5.16.RELEASE]
	... 58 common frames omitted

]]></system-out>
  </testcase>
</testsuite>